{"timestamp":"2024-07-28T11:08:19.881915+07:00","version":"1","msg":"Starting CourseServiceApplication using Java 17.0.9 with PID 33321 (/Users/davidpriyadi/ai/hibank/online-course-syatem/course-service/target/classes started by davidpriyadi in /Users/davidpriyadi/ai/hibank/online-course-syatem)","logger":"com.mini.project.courseservice.CourseServiceApplication","thread":"main","level":"INFO","level_value":20000}
{"timestamp":"2024-07-28T11:08:19.886+07:00","version":"1","msg":"No active profile set, falling back to 1 default profile: \"default\"","logger":"com.mini.project.courseservice.CourseServiceApplication","thread":"main","level":"INFO","level_value":20000}
{"timestamp":"2024-07-28T11:08:19.905459+07:00","version":"1","msg":"Fetching config from server at : http://localhost:8888","logger":"org.springframework.cloud.config.client.ConfigServerConfigDataLoader","thread":"main","level":"INFO","level_value":20000}
{"timestamp":"2024-07-28T11:08:19.905761+07:00","version":"1","msg":"Located environment: name=course-service, profiles=[default], label=null, version=null, state=null","logger":"org.springframework.cloud.config.client.ConfigServerConfigDataLoader","thread":"main","level":"INFO","level_value":20000}
{"timestamp":"2024-07-28T11:08:20.422399+07:00","version":"1","msg":"Multiple Spring Data modules found, entering strict repository configuration mode","logger":"org.springframework.data.repository.config.RepositoryConfigurationDelegate","thread":"main","level":"INFO","level_value":20000}
{"timestamp":"2024-07-28T11:08:20.423389+07:00","version":"1","msg":"Bootstrapping Spring Data JPA repositories in DEFAULT mode.","logger":"org.springframework.data.repository.config.RepositoryConfigurationDelegate","thread":"main","level":"INFO","level_value":20000}
{"timestamp":"2024-07-28T11:08:20.50762+07:00","version":"1","msg":"Finished Spring Data repository scanning in 80 ms. Found 6 JPA repository interfaces.","logger":"org.springframework.data.repository.config.RepositoryConfigurationDelegate","thread":"main","level":"INFO","level_value":20000}
{"timestamp":"2024-07-28T11:08:20.516363+07:00","version":"1","msg":"Multiple Spring Data modules found, entering strict repository configuration mode","logger":"org.springframework.data.repository.config.RepositoryConfigurationDelegate","thread":"main","level":"INFO","level_value":20000}
{"timestamp":"2024-07-28T11:08:20.51698+07:00","version":"1","msg":"Bootstrapping Spring Data Redis repositories in DEFAULT mode.","logger":"org.springframework.data.repository.config.RepositoryConfigurationDelegate","thread":"main","level":"INFO","level_value":20000}
{"timestamp":"2024-07-28T11:08:20.524888+07:00","version":"1","msg":"Spring Data Redis - Could not safely identify store assignment for repository candidate interface com.mini.project.courseservice.repository.ChaptersRepository; If you want this repository to be a Redis repository, consider annotating your entities with one of these annotations: org.springframework.data.redis.core.RedisHash (preferred), or consider extending one of the following types with your repository: org.springframework.data.keyvalue.repository.KeyValueRepository","logger":"org.springframework.data.repository.config.RepositoryConfigurationExtensionSupport","thread":"main","level":"INFO","level_value":20000}
{"timestamp":"2024-07-28T11:08:20.525198+07:00","version":"1","msg":"Spring Data Redis - Could not safely identify store assignment for repository candidate interface com.mini.project.courseservice.repository.CoursesRepository; If you want this repository to be a Redis repository, consider annotating your entities with one of these annotations: org.springframework.data.redis.core.RedisHash (preferred), or consider extending one of the following types with your repository: org.springframework.data.keyvalue.repository.KeyValueRepository","logger":"org.springframework.data.repository.config.RepositoryConfigurationExtensionSupport","thread":"main","level":"INFO","level_value":20000}
{"timestamp":"2024-07-28T11:08:20.5254+07:00","version":"1","msg":"Spring Data Redis - Could not safely identify store assignment for repository candidate interface com.mini.project.courseservice.repository.LessonsRepository; If you want this repository to be a Redis repository, consider annotating your entities with one of these annotations: org.springframework.data.redis.core.RedisHash (preferred), or consider extending one of the following types with your repository: org.springframework.data.keyvalue.repository.KeyValueRepository","logger":"org.springframework.data.repository.config.RepositoryConfigurationExtensionSupport","thread":"main","level":"INFO","level_value":20000}
{"timestamp":"2024-07-28T11:08:20.525538+07:00","version":"1","msg":"Spring Data Redis - Could not safely identify store assignment for repository candidate interface com.mini.project.courseservice.repository.MentorsRepository; If you want this repository to be a Redis repository, consider annotating your entities with one of these annotations: org.springframework.data.redis.core.RedisHash (preferred), or consider extending one of the following types with your repository: org.springframework.data.keyvalue.repository.KeyValueRepository","logger":"org.springframework.data.repository.config.RepositoryConfigurationExtensionSupport","thread":"main","level":"INFO","level_value":20000}
{"timestamp":"2024-07-28T11:08:20.525656+07:00","version":"1","msg":"Spring Data Redis - Could not safely identify store assignment for repository candidate interface com.mini.project.courseservice.repository.ReviewsRepository; If you want this repository to be a Redis repository, consider annotating your entities with one of these annotations: org.springframework.data.redis.core.RedisHash (preferred), or consider extending one of the following types with your repository: org.springframework.data.keyvalue.repository.KeyValueRepository","logger":"org.springframework.data.repository.config.RepositoryConfigurationExtensionSupport","thread":"main","level":"INFO","level_value":20000}
{"timestamp":"2024-07-28T11:08:20.525774+07:00","version":"1","msg":"Spring Data Redis - Could not safely identify store assignment for repository candidate interface com.mini.project.courseservice.repository.UserCoursesRepository; If you want this repository to be a Redis repository, consider annotating your entities with one of these annotations: org.springframework.data.redis.core.RedisHash (preferred), or consider extending one of the following types with your repository: org.springframework.data.keyvalue.repository.KeyValueRepository","logger":"org.springframework.data.repository.config.RepositoryConfigurationExtensionSupport","thread":"main","level":"INFO","level_value":20000}
{"timestamp":"2024-07-28T11:08:20.52587+07:00","version":"1","msg":"Finished Spring Data repository scanning in 4 ms. Found 0 Redis repository interfaces.","logger":"org.springframework.data.repository.config.RepositoryConfigurationDelegate","thread":"main","level":"INFO","level_value":20000}
{"timestamp":"2024-07-28T11:08:20.704947+07:00","version":"1","msg":"BeanFactory id=5d6d9de0-ff11-3c3c-b55f-cfca9593e1cb","logger":"org.springframework.cloud.context.scope.GenericScope","thread":"main","level":"INFO","level_value":20000}
{"timestamp":"2024-07-28T11:08:20.869885+07:00","version":"1","msg":"Bean 'org.springframework.cloud.client.loadbalancer.LoadBalancerAutoConfiguration$DeferringLoadBalancerInterceptorConfig' of type [org.springframework.cloud.client.loadbalancer.LoadBalancerAutoConfiguration$DeferringLoadBalancerInterceptorConfig] is not eligible for getting processed by all BeanPostProcessors (for example: not eligible for auto-proxying). The currently created BeanPostProcessor [lbRestClientPostProcessor] is declared through a non-static factory method on that class; consider declaring it as static instead.","logger":"org.springframework.context.support.PostProcessorRegistrationDelegate$BeanPostProcessorChecker","thread":"main","level":"WARN","level_value":30000}
{"timestamp":"2024-07-28T11:08:20.871393+07:00","version":"1","msg":"Bean 'deferringLoadBalancerInterceptor' of type [org.springframework.cloud.client.loadbalancer.DeferringLoadBalancerInterceptor] is not eligible for getting processed by all BeanPostProcessors (for example: not eligible for auto-proxying). Is this bean getting eagerly injected into a currently created BeanPostProcessor [lbRestClientPostProcessor]? Check the corresponding BeanPostProcessor declaration and its dependencies.","logger":"org.springframework.context.support.PostProcessorRegistrationDelegate$BeanPostProcessorChecker","thread":"main","level":"WARN","level_value":30000}
{"timestamp":"2024-07-28T11:08:21.004454+07:00","version":"1","msg":"Tomcat initialized with port 8886 (http)","logger":"org.springframework.boot.web.embedded.tomcat.TomcatWebServer","thread":"main","level":"INFO","level_value":20000}
{"timestamp":"2024-07-28T11:08:21.010181+07:00","version":"1","msg":"Starting service [Tomcat]","logger":"org.apache.catalina.core.StandardService","thread":"main","level":"INFO","level_value":20000}
{"timestamp":"2024-07-28T11:08:21.010414+07:00","version":"1","msg":"Starting Servlet engine: [Apache Tomcat/10.1.26]","logger":"org.apache.catalina.core.StandardEngine","thread":"main","level":"INFO","level_value":20000}
{"timestamp":"2024-07-28T11:08:21.036918+07:00","version":"1","msg":"Initializing Spring embedded WebApplicationContext","logger":"org.apache.catalina.core.ContainerBase.[Tomcat].[localhost].[/]","thread":"main","level":"INFO","level_value":20000}
{"timestamp":"2024-07-28T11:08:21.037203+07:00","version":"1","msg":"Root WebApplicationContext: initialization completed in 1131 ms","logger":"org.springframework.boot.web.servlet.context.ServletWebServerApplicationContext","thread":"main","level":"INFO","level_value":20000}
{"timestamp":"2024-07-28T11:08:21.41915+07:00","version":"1","msg":"HikariPool-1 - Starting...","logger":"com.zaxxer.hikari.HikariDataSource","thread":"main","level":"INFO","level_value":20000}
{"timestamp":"2024-07-28T11:08:21.538228+07:00","version":"1","msg":"HikariPool-1 - Added connection org.postgresql.jdbc.PgConnection@614ae4eb","logger":"com.zaxxer.hikari.pool.HikariPool","thread":"main","level":"INFO","level_value":20000}
{"timestamp":"2024-07-28T11:08:21.539129+07:00","version":"1","msg":"HikariPool-1 - Start completed.","logger":"com.zaxxer.hikari.HikariDataSource","thread":"main","level":"INFO","level_value":20000}
{"timestamp":"2024-07-28T11:08:21.559763+07:00","version":"1","msg":"Database: jdbc:postgresql://localhost:5434/course-db (PostgreSQL 16.2)","logger":"org.flywaydb.core.FlywayExecutor","thread":"main","level":"INFO","level_value":20000}
{"timestamp":"2024-07-28T11:08:21.593963+07:00","version":"1","msg":"Successfully validated 4 migrations (execution time 00:00.019s)","logger":"org.flywaydb.core.internal.command.DbValidate","thread":"main","level":"INFO","level_value":20000}
{"timestamp":"2024-07-28T11:08:21.624443+07:00","version":"1","msg":"Current version of schema \"public\": 4","logger":"org.flywaydb.core.internal.command.DbMigrate","thread":"main","level":"INFO","level_value":20000}
{"timestamp":"2024-07-28T11:08:21.626425+07:00","version":"1","msg":"Schema \"public\" is up to date. No migration necessary.","logger":"org.flywaydb.core.internal.command.DbMigrate","thread":"main","level":"INFO","level_value":20000}
{"timestamp":"2024-07-28T11:08:21.691868+07:00","version":"1","msg":"HHH000204: Processing PersistenceUnitInfo [name: default]","logger":"org.hibernate.jpa.internal.util.LogHelper","thread":"main","level":"INFO","level_value":20000}
{"timestamp":"2024-07-28T11:08:21.722754+07:00","version":"1","msg":"HHH000412: Hibernate ORM core version 6.5.2.Final","logger":"org.hibernate.Version","thread":"main","level":"INFO","level_value":20000}
{"timestamp":"2024-07-28T11:08:21.740345+07:00","version":"1","msg":"HHH000026: Second-level cache disabled","logger":"org.hibernate.cache.internal.RegionFactoryInitiator","thread":"main","level":"INFO","level_value":20000}
{"timestamp":"2024-07-28T11:08:21.909209+07:00","version":"1","msg":"No LoadTimeWeaver setup: ignoring JPA class transformer","logger":"org.springframework.orm.jpa.persistenceunit.SpringPersistenceUnitInfo","thread":"main","level":"INFO","level_value":20000}
{"timestamp":"2024-07-28T11:08:21.942895+07:00","version":"1","msg":"HHH90000025: PostgreSQLDialect does not need to be specified explicitly using 'hibernate.dialect' (remove the property setting and it will be selected by default)","logger":"org.hibernate.orm.deprecation","thread":"main","level":"WARN","level_value":30000}
{"timestamp":"2024-07-28T11:08:22.471352+07:00","version":"1","msg":"HHH000489: No JTA platform available (set 'hibernate.transaction.jta.platform' to enable JTA platform integration)","logger":"org.hibernate.engine.transaction.jta.platform.internal.JtaPlatformInitiator","thread":"main","level":"INFO","level_value":20000}
{"timestamp":"2024-07-28T11:08:22.473001+07:00","version":"1","msg":"Initialized JPA EntityManagerFactory for persistence unit 'default'","logger":"org.springframework.orm.jpa.LocalContainerEntityManagerFactoryBean","thread":"main","level":"INFO","level_value":20000}
{"timestamp":"2024-07-28T11:08:22.838093+07:00","version":"1","msg":"spring.jpa.open-in-view is enabled by default. Therefore, database queries may be performed during view rendering. Explicitly configure spring.jpa.open-in-view to disable this warning","logger":"org.springframework.boot.autoconfigure.orm.jpa.JpaBaseConfiguration$JpaWebConfiguration","thread":"main","level":"WARN","level_value":30000}
{"timestamp":"2024-07-28T11:08:23.337608+07:00","version":"1","msg":"Starting RedisMessageListenerContainer...","logger":"org.springframework.data.redis.listener.RedisMessageListenerContainer","thread":"main","level":"DEBUG","level_value":10000}
{"timestamp":"2024-07-28T11:08:23.338147+07:00","version":"1","msg":"Postpone listening for Redis messages until actual listeners are added","logger":"org.springframework.data.redis.listener.RedisMessageListenerContainer","thread":"main","level":"DEBUG","level_value":10000}
{"timestamp":"2024-07-28T11:08:23.36645+07:00","version":"1","msg":"Eureka HTTP Client uses RestTemplate.","logger":"org.springframework.cloud.netflix.eureka.config.DiscoveryClientOptionalArgsConfiguration","thread":"main","level":"INFO","level_value":20000}
{"timestamp":"2024-07-28T11:08:23.391818+07:00","version":"1","msg":"Spring Cloud LoadBalancer is currently working with the default cache. While this cache implementation is useful for development and tests, it's recommended to use Caffeine cache in production.You can switch to using Caffeine cache, by adding it and org.springframework.cache.caffeine.CaffeineCacheManager to the classpath.","logger":"org.springframework.cloud.loadbalancer.config.LoadBalancerCacheAutoConfiguration$LoadBalancerCaffeineWarnLogger","thread":"main","level":"WARN","level_value":30000}
{"timestamp":"2024-07-28T11:08:23.396819+07:00","version":"1","msg":"Exposing 1 endpoint beneath base path '/actuator'","logger":"org.springframework.boot.actuate.endpoint.web.EndpointLinksResolver","thread":"main","level":"INFO","level_value":20000}
{"timestamp":"2024-07-28T11:08:23.446204+07:00","version":"1","msg":"Setting initial instance status as: STARTING","logger":"org.springframework.cloud.netflix.eureka.InstanceInfoFactory","thread":"main","level":"INFO","level_value":20000}
{"timestamp":"2024-07-28T11:08:23.459627+07:00","version":"1","msg":"Initializing Eureka in region us-east-1","logger":"com.netflix.discovery.DiscoveryClient","thread":"main","level":"INFO","level_value":20000}
{"timestamp":"2024-07-28T11:08:23.461898+07:00","version":"1","msg":"Resolving eureka endpoints via configuration","logger":"com.netflix.discovery.shared.resolver.aws.ConfigClusterResolver","thread":"main","level":"INFO","level_value":20000}
{"timestamp":"2024-07-28T11:08:23.466411+07:00","version":"1","msg":"Disable delta property : false","logger":"com.netflix.discovery.DiscoveryClient","thread":"main","level":"INFO","level_value":20000}
{"timestamp":"2024-07-28T11:08:23.466629+07:00","version":"1","msg":"Single vip registry refresh property : null","logger":"com.netflix.discovery.DiscoveryClient","thread":"main","level":"INFO","level_value":20000}
{"timestamp":"2024-07-28T11:08:23.46762+07:00","version":"1","msg":"Force full registry fetch : false","logger":"com.netflix.discovery.DiscoveryClient","thread":"main","level":"INFO","level_value":20000}
{"timestamp":"2024-07-28T11:08:23.46781+07:00","version":"1","msg":"Application is null : false","logger":"com.netflix.discovery.DiscoveryClient","thread":"main","level":"INFO","level_value":20000}
{"timestamp":"2024-07-28T11:08:23.467927+07:00","version":"1","msg":"Registered Applications size is zero : true","logger":"com.netflix.discovery.DiscoveryClient","thread":"main","level":"INFO","level_value":20000}
{"timestamp":"2024-07-28T11:08:23.468044+07:00","version":"1","msg":"Application version is -1: true","logger":"com.netflix.discovery.DiscoveryClient","thread":"main","level":"INFO","level_value":20000}
{"timestamp":"2024-07-28T11:08:23.468162+07:00","version":"1","msg":"Getting all instance registry info from the eureka server","logger":"com.netflix.discovery.DiscoveryClient","thread":"main","level":"INFO","level_value":20000}
{"timestamp":"2024-07-28T11:08:23.490623+07:00","version":"1","msg":"HTTP GET http://localhost:8761/eureka/apps/","logger":"org.springframework.web.client.RestTemplate","thread":"main","level":"DEBUG","level_value":10000}
{"timestamp":"2024-07-28T11:08:23.520229+07:00","version":"1","msg":"Accept=[application/json, application/*+json]","logger":"org.springframework.web.client.RestTemplate","thread":"main","level":"DEBUG","level_value":10000}
{"timestamp":"2024-07-28T11:08:23.547311+07:00","version":"1","msg":"Response 200 OK","logger":"org.springframework.web.client.RestTemplate","thread":"main","level":"DEBUG","level_value":10000}
{"timestamp":"2024-07-28T11:08:23.548573+07:00","version":"1","msg":"Reading to [org.springframework.cloud.netflix.eureka.http.EurekaApplications]","logger":"org.springframework.web.client.RestTemplate","thread":"main","level":"DEBUG","level_value":10000}
{"timestamp":"2024-07-28T11:08:23.556447+07:00","version":"1","msg":"The response status is 200","logger":"com.netflix.discovery.DiscoveryClient","thread":"main","level":"INFO","level_value":20000}
{"timestamp":"2024-07-28T11:08:23.557795+07:00","version":"1","msg":"Starting heartbeat executor: renew interval is: 30","logger":"com.netflix.discovery.DiscoveryClient","thread":"main","level":"INFO","level_value":20000}
{"timestamp":"2024-07-28T11:08:23.558692+07:00","version":"1","msg":"InstanceInfoReplicator onDemand update allowed rate per min is 4","logger":"com.netflix.discovery.InstanceInfoReplicator","thread":"main","level":"INFO","level_value":20000}
{"timestamp":"2024-07-28T11:08:23.559212+07:00","version":"1","msg":"Discovery Client initialized at timestamp 1722139703559 with initial instances count: 1","logger":"com.netflix.discovery.DiscoveryClient","thread":"main","level":"INFO","level_value":20000}
{"timestamp":"2024-07-28T11:08:23.56349+07:00","version":"1","msg":"Registering application COURSE-SERVICE with eureka with status UP","logger":"org.springframework.cloud.netflix.eureka.serviceregistry.EurekaServiceRegistry","thread":"main","level":"INFO","level_value":20000}
{"timestamp":"2024-07-28T11:08:23.563753+07:00","version":"1","msg":"Saw local status change event StatusChangeEvent [timestamp=1722139703563, current=UP, previous=STARTING]","logger":"com.netflix.discovery.DiscoveryClient","thread":"main","level":"INFO","level_value":20000}
{"timestamp":"2024-07-28T11:08:23.564769+07:00","version":"1","msg":"DiscoveryClient_COURSE-SERVICE/192.168.1.105:course-service:8886: registering service...","logger":"com.netflix.discovery.DiscoveryClient","thread":"DiscoveryClient-InstanceInfoReplicator-%d","level":"INFO","level_value":20000}
{"timestamp":"2024-07-28T11:08:23.567231+07:00","version":"1","msg":"HTTP POST http://localhost:8761/eureka/apps/COURSE-SERVICE","logger":"org.springframework.web.client.RestTemplate","thread":"DiscoveryClient-InstanceInfoReplicator-%d","level":"DEBUG","level_value":10000}
{"timestamp":"2024-07-28T11:08:23.568555+07:00","version":"1","msg":"Accept=[application/json, application/*+json]","logger":"org.springframework.web.client.RestTemplate","thread":"DiscoveryClient-InstanceInfoReplicator-%d","level":"DEBUG","level_value":10000}
{"timestamp":"2024-07-28T11:08:23.571805+07:00","version":"1","msg":"Writing [InstanceInfo [instanceId = 192.168.1.105:course-service:8886, appName = COURSE-SERVICE, hostName = 192.168.1.105, status = UP, ipAddr = 192.168.1.105, port = 8886, securePort = 443, dataCenterInfo = com.netflix.appinfo.MyDataCenterInfo@295692fd] as \"application/json\"","logger":"org.springframework.web.client.RestTemplate","thread":"DiscoveryClient-InstanceInfoReplicator-%d","level":"DEBUG","level_value":10000}
{"timestamp":"2024-07-28T11:08:23.574442+07:00","version":"1","msg":"Tomcat started on port 8886 (http) with context path '/'","logger":"org.springframework.boot.web.embedded.tomcat.TomcatWebServer","thread":"main","level":"INFO","level_value":20000}
{"timestamp":"2024-07-28T11:08:23.575008+07:00","version":"1","msg":"Updating port to 8886","logger":"org.springframework.cloud.netflix.eureka.serviceregistry.EurekaAutoServiceRegistration","thread":"main","level":"INFO","level_value":20000}
{"timestamp":"2024-07-28T11:08:23.583602+07:00","version":"1","msg":"Response 204 NO_CONTENT","logger":"org.springframework.web.client.RestTemplate","thread":"DiscoveryClient-InstanceInfoReplicator-%d","level":"DEBUG","level_value":10000}
{"timestamp":"2024-07-28T11:08:23.584048+07:00","version":"1","msg":"DiscoveryClient_COURSE-SERVICE/192.168.1.105:course-service:8886 - registration status: 204","logger":"com.netflix.discovery.DiscoveryClient","thread":"DiscoveryClient-InstanceInfoReplicator-%d","level":"INFO","level_value":20000}
{"timestamp":"2024-07-28T11:08:23.589838+07:00","version":"1","msg":"Started CourseServiceApplication in 4.089 seconds (process running for 4.898)","logger":"com.mini.project.courseservice.CourseServiceApplication","thread":"main","level":"INFO","level_value":20000}
{"timestamp":"2024-07-28T11:08:23.819875+07:00","version":"1","msg":"Initializing Spring DispatcherServlet 'dispatcherServlet'","logger":"org.apache.catalina.core.ContainerBase.[Tomcat].[localhost].[/]","thread":"RMI TCP Connection(2)-127.0.0.1","level":"INFO","level_value":20000}
{"timestamp":"2024-07-28T11:08:23.820187+07:00","version":"1","msg":"Initializing Servlet 'dispatcherServlet'","logger":"org.springframework.web.servlet.DispatcherServlet","thread":"RMI TCP Connection(2)-127.0.0.1","level":"INFO","level_value":20000}
{"timestamp":"2024-07-28T11:08:23.821979+07:00","version":"1","msg":"Completed initialization in 1 ms","logger":"org.springframework.web.servlet.DispatcherServlet","thread":"RMI TCP Connection(2)-127.0.0.1","level":"INFO","level_value":20000}
{"timestamp":"2024-07-28T11:08:53.58059+07:00","version":"1","msg":"HTTP GET http://localhost:8761/eureka/apps/delta","logger":"org.springframework.web.client.RestTemplate","thread":"DiscoveryClient-CacheRefreshExecutor-%d","level":"DEBUG","level_value":10000}
{"timestamp":"2024-07-28T11:08:53.585419+07:00","version":"1","msg":"HTTP PUT http://localhost:8761/eureka/apps/COURSE-SERVICE/192.168.1.105:course-service:8886?status=UP&lastDirtyTimestamp=1722139703563","logger":"org.springframework.web.client.RestTemplate","thread":"DiscoveryClient-HeartbeatExecutor-%d","level":"DEBUG","level_value":10000}
{"timestamp":"2024-07-28T11:08:53.586693+07:00","version":"1","msg":"Accept=[application/json, application/*+json]","logger":"org.springframework.web.client.RestTemplate","thread":"DiscoveryClient-CacheRefreshExecutor-%d","level":"DEBUG","level_value":10000}
{"timestamp":"2024-07-28T11:08:53.593981+07:00","version":"1","msg":"Accept=[application/json, application/*+json]","logger":"org.springframework.web.client.RestTemplate","thread":"DiscoveryClient-HeartbeatExecutor-%d","level":"DEBUG","level_value":10000}
{"timestamp":"2024-07-28T11:08:53.604802+07:00","version":"1","msg":"Response 200 OK","logger":"org.springframework.web.client.RestTemplate","thread":"DiscoveryClient-HeartbeatExecutor-%d","level":"DEBUG","level_value":10000}
{"timestamp":"2024-07-28T11:08:53.60743+07:00","version":"1","msg":"Response 200 OK","logger":"org.springframework.web.client.RestTemplate","thread":"DiscoveryClient-CacheRefreshExecutor-%d","level":"DEBUG","level_value":10000}
{"timestamp":"2024-07-28T11:08:53.607905+07:00","version":"1","msg":"Reading to [org.springframework.cloud.netflix.eureka.http.EurekaApplications]","logger":"org.springframework.web.client.RestTemplate","thread":"DiscoveryClient-CacheRefreshExecutor-%d","level":"DEBUG","level_value":10000}
{"timestamp":"2024-07-28T11:09:23.614921+07:00","version":"1","msg":"HTTP PUT http://localhost:8761/eureka/apps/COURSE-SERVICE/192.168.1.105:course-service:8886?status=UP&lastDirtyTimestamp=1722139703563","logger":"org.springframework.web.client.RestTemplate","thread":"DiscoveryClient-HeartbeatExecutor-%d","level":"DEBUG","level_value":10000}
{"timestamp":"2024-07-28T11:09:23.615081+07:00","version":"1","msg":"HTTP GET http://localhost:8761/eureka/apps/delta","logger":"org.springframework.web.client.RestTemplate","thread":"DiscoveryClient-CacheRefreshExecutor-%d","level":"DEBUG","level_value":10000}
{"timestamp":"2024-07-28T11:09:23.621695+07:00","version":"1","msg":"Accept=[application/json, application/*+json]","logger":"org.springframework.web.client.RestTemplate","thread":"DiscoveryClient-HeartbeatExecutor-%d","level":"DEBUG","level_value":10000}
{"timestamp":"2024-07-28T11:09:23.621694+07:00","version":"1","msg":"Accept=[application/json, application/*+json]","logger":"org.springframework.web.client.RestTemplate","thread":"DiscoveryClient-CacheRefreshExecutor-%d","level":"DEBUG","level_value":10000}
{"timestamp":"2024-07-28T11:09:23.655614+07:00","version":"1","msg":"Response 200 OK","logger":"org.springframework.web.client.RestTemplate","thread":"DiscoveryClient-CacheRefreshExecutor-%d","level":"DEBUG","level_value":10000}
{"timestamp":"2024-07-28T11:09:23.655614+07:00","version":"1","msg":"Response 200 OK","logger":"org.springframework.web.client.RestTemplate","thread":"DiscoveryClient-HeartbeatExecutor-%d","level":"DEBUG","level_value":10000}
{"timestamp":"2024-07-28T11:09:23.657402+07:00","version":"1","msg":"Reading to [org.springframework.cloud.netflix.eureka.http.EurekaApplications]","logger":"org.springframework.web.client.RestTemplate","thread":"DiscoveryClient-CacheRefreshExecutor-%d","level":"DEBUG","level_value":10000}
{"timestamp":"2024-07-28T11:09:53.669128+07:00","version":"1","msg":"HTTP GET http://localhost:8761/eureka/apps/delta","logger":"org.springframework.web.client.RestTemplate","thread":"DiscoveryClient-CacheRefreshExecutor-%d","level":"DEBUG","level_value":10000}
{"timestamp":"2024-07-28T11:09:53.668914+07:00","version":"1","msg":"HTTP PUT http://localhost:8761/eureka/apps/COURSE-SERVICE/192.168.1.105:course-service:8886?status=UP&lastDirtyTimestamp=1722139703563","logger":"org.springframework.web.client.RestTemplate","thread":"DiscoveryClient-HeartbeatExecutor-%d","level":"DEBUG","level_value":10000}
{"timestamp":"2024-07-28T11:09:53.675523+07:00","version":"1","msg":"Accept=[application/json, application/*+json]","logger":"org.springframework.web.client.RestTemplate","thread":"DiscoveryClient-CacheRefreshExecutor-%d","level":"DEBUG","level_value":10000}
{"timestamp":"2024-07-28T11:09:53.675523+07:00","version":"1","msg":"Accept=[application/json, application/*+json]","logger":"org.springframework.web.client.RestTemplate","thread":"DiscoveryClient-HeartbeatExecutor-%d","level":"DEBUG","level_value":10000}
{"timestamp":"2024-07-28T11:09:53.693812+07:00","version":"1","msg":"Response 200 OK","logger":"org.springframework.web.client.RestTemplate","thread":"DiscoveryClient-HeartbeatExecutor-%d","level":"DEBUG","level_value":10000}
{"timestamp":"2024-07-28T11:09:53.693812+07:00","version":"1","msg":"Response 200 OK","logger":"org.springframework.web.client.RestTemplate","thread":"DiscoveryClient-CacheRefreshExecutor-%d","level":"DEBUG","level_value":10000}
{"timestamp":"2024-07-28T11:09:53.694724+07:00","version":"1","msg":"Reading to [org.springframework.cloud.netflix.eureka.http.EurekaApplications]","logger":"org.springframework.web.client.RestTemplate","thread":"DiscoveryClient-CacheRefreshExecutor-%d","level":"DEBUG","level_value":10000}
{"timestamp":"2024-07-28T11:10:23.700539+07:00","version":"1","msg":"HTTP PUT http://localhost:8761/eureka/apps/COURSE-SERVICE/192.168.1.105:course-service:8886?status=UP&lastDirtyTimestamp=1722139703563","logger":"org.springframework.web.client.RestTemplate","thread":"DiscoveryClient-HeartbeatExecutor-%d","level":"DEBUG","level_value":10000}
{"timestamp":"2024-07-28T11:10:23.700538+07:00","version":"1","msg":"HTTP GET http://localhost:8761/eureka/apps/delta","logger":"org.springframework.web.client.RestTemplate","thread":"DiscoveryClient-CacheRefreshExecutor-%d","level":"DEBUG","level_value":10000}
{"timestamp":"2024-07-28T11:10:23.706558+07:00","version":"1","msg":"Accept=[application/json, application/*+json]","logger":"org.springframework.web.client.RestTemplate","thread":"DiscoveryClient-HeartbeatExecutor-%d","level":"DEBUG","level_value":10000}
{"timestamp":"2024-07-28T11:10:23.706558+07:00","version":"1","msg":"Accept=[application/json, application/*+json]","logger":"org.springframework.web.client.RestTemplate","thread":"DiscoveryClient-CacheRefreshExecutor-%d","level":"DEBUG","level_value":10000}
{"timestamp":"2024-07-28T11:10:23.739219+07:00","version":"1","msg":"Response 200 OK","logger":"org.springframework.web.client.RestTemplate","thread":"DiscoveryClient-HeartbeatExecutor-%d","level":"DEBUG","level_value":10000}
{"timestamp":"2024-07-28T11:10:23.739209+07:00","version":"1","msg":"Response 200 OK","logger":"org.springframework.web.client.RestTemplate","thread":"DiscoveryClient-CacheRefreshExecutor-%d","level":"DEBUG","level_value":10000}
{"timestamp":"2024-07-28T11:10:23.740194+07:00","version":"1","msg":"Reading to [org.springframework.cloud.netflix.eureka.http.EurekaApplications]","logger":"org.springframework.web.client.RestTemplate","thread":"DiscoveryClient-CacheRefreshExecutor-%d","level":"DEBUG","level_value":10000}
{"timestamp":"2024-07-28T11:10:53.744084+07:00","version":"1","msg":"HTTP GET http://localhost:8761/eureka/apps/delta","logger":"org.springframework.web.client.RestTemplate","thread":"DiscoveryClient-CacheRefreshExecutor-%d","level":"DEBUG","level_value":10000}
{"timestamp":"2024-07-28T11:10:53.744085+07:00","version":"1","msg":"HTTP PUT http://localhost:8761/eureka/apps/COURSE-SERVICE/192.168.1.105:course-service:8886?status=UP&lastDirtyTimestamp=1722139703563","logger":"org.springframework.web.client.RestTemplate","thread":"DiscoveryClient-HeartbeatExecutor-%d","level":"DEBUG","level_value":10000}
{"timestamp":"2024-07-28T11:10:53.748918+07:00","version":"1","msg":"Accept=[application/json, application/*+json]","logger":"org.springframework.web.client.RestTemplate","thread":"DiscoveryClient-HeartbeatExecutor-%d","level":"DEBUG","level_value":10000}
{"timestamp":"2024-07-28T11:10:53.748918+07:00","version":"1","msg":"Accept=[application/json, application/*+json]","logger":"org.springframework.web.client.RestTemplate","thread":"DiscoveryClient-CacheRefreshExecutor-%d","level":"DEBUG","level_value":10000}
{"timestamp":"2024-07-28T11:10:53.767258+07:00","version":"1","msg":"Response 200 OK","logger":"org.springframework.web.client.RestTemplate","thread":"DiscoveryClient-HeartbeatExecutor-%d","level":"DEBUG","level_value":10000}
{"timestamp":"2024-07-28T11:10:53.767258+07:00","version":"1","msg":"Response 200 OK","logger":"org.springframework.web.client.RestTemplate","thread":"DiscoveryClient-CacheRefreshExecutor-%d","level":"DEBUG","level_value":10000}
{"timestamp":"2024-07-28T11:10:53.772574+07:00","version":"1","msg":"Reading to [org.springframework.cloud.netflix.eureka.http.EurekaApplications]","logger":"org.springframework.web.client.RestTemplate","thread":"DiscoveryClient-CacheRefreshExecutor-%d","level":"DEBUG","level_value":10000}
{"timestamp":"2024-07-28T11:11:23.781175+07:00","version":"1","msg":"HTTP GET http://localhost:8761/eureka/apps/delta","logger":"org.springframework.web.client.RestTemplate","thread":"DiscoveryClient-CacheRefreshExecutor-%d","level":"DEBUG","level_value":10000}
{"timestamp":"2024-07-28T11:11:23.779301+07:00","version":"1","msg":"HTTP PUT http://localhost:8761/eureka/apps/COURSE-SERVICE/192.168.1.105:course-service:8886?status=UP&lastDirtyTimestamp=1722139703563","logger":"org.springframework.web.client.RestTemplate","thread":"DiscoveryClient-HeartbeatExecutor-%d","level":"DEBUG","level_value":10000}
{"timestamp":"2024-07-28T11:11:23.785596+07:00","version":"1","msg":"Accept=[application/json, application/*+json]","logger":"org.springframework.web.client.RestTemplate","thread":"DiscoveryClient-HeartbeatExecutor-%d","level":"DEBUG","level_value":10000}
{"timestamp":"2024-07-28T11:11:23.785596+07:00","version":"1","msg":"Accept=[application/json, application/*+json]","logger":"org.springframework.web.client.RestTemplate","thread":"DiscoveryClient-CacheRefreshExecutor-%d","level":"DEBUG","level_value":10000}
{"timestamp":"2024-07-28T11:11:23.803132+07:00","version":"1","msg":"Response 200 OK","logger":"org.springframework.web.client.RestTemplate","thread":"DiscoveryClient-HeartbeatExecutor-%d","level":"DEBUG","level_value":10000}
{"timestamp":"2024-07-28T11:11:23.803132+07:00","version":"1","msg":"Response 200 OK","logger":"org.springframework.web.client.RestTemplate","thread":"DiscoveryClient-CacheRefreshExecutor-%d","level":"DEBUG","level_value":10000}
{"timestamp":"2024-07-28T11:11:23.804187+07:00","version":"1","msg":"Reading to [org.springframework.cloud.netflix.eureka.http.EurekaApplications]","logger":"org.springframework.web.client.RestTemplate","thread":"DiscoveryClient-CacheRefreshExecutor-%d","level":"DEBUG","level_value":10000}
{"timestamp":"2024-07-28T11:11:53.812147+07:00","version":"1","msg":"HTTP PUT http://localhost:8761/eureka/apps/COURSE-SERVICE/192.168.1.105:course-service:8886?status=UP&lastDirtyTimestamp=1722139703563","logger":"org.springframework.web.client.RestTemplate","thread":"DiscoveryClient-HeartbeatExecutor-%d","level":"DEBUG","level_value":10000}
{"timestamp":"2024-07-28T11:11:53.817667+07:00","version":"1","msg":"HTTP GET http://localhost:8761/eureka/apps/delta","logger":"org.springframework.web.client.RestTemplate","thread":"DiscoveryClient-CacheRefreshExecutor-%d","level":"DEBUG","level_value":10000}
{"timestamp":"2024-07-28T11:11:53.819232+07:00","version":"1","msg":"Accept=[application/json, application/*+json]","logger":"org.springframework.web.client.RestTemplate","thread":"DiscoveryClient-HeartbeatExecutor-%d","level":"DEBUG","level_value":10000}
{"timestamp":"2024-07-28T11:11:53.819242+07:00","version":"1","msg":"Accept=[application/json, application/*+json]","logger":"org.springframework.web.client.RestTemplate","thread":"DiscoveryClient-CacheRefreshExecutor-%d","level":"DEBUG","level_value":10000}
{"timestamp":"2024-07-28T11:11:53.839862+07:00","version":"1","msg":"Response 200 OK","logger":"org.springframework.web.client.RestTemplate","thread":"DiscoveryClient-CacheRefreshExecutor-%d","level":"DEBUG","level_value":10000}
{"timestamp":"2024-07-28T11:11:53.839862+07:00","version":"1","msg":"Response 200 OK","logger":"org.springframework.web.client.RestTemplate","thread":"DiscoveryClient-HeartbeatExecutor-%d","level":"DEBUG","level_value":10000}
{"timestamp":"2024-07-28T11:11:53.842003+07:00","version":"1","msg":"Reading to [org.springframework.cloud.netflix.eureka.http.EurekaApplications]","logger":"org.springframework.web.client.RestTemplate","thread":"DiscoveryClient-CacheRefreshExecutor-%d","level":"DEBUG","level_value":10000}
{"timestamp":"2024-07-28T11:12:23.852938+07:00","version":"1","msg":"HTTP PUT http://localhost:8761/eureka/apps/COURSE-SERVICE/192.168.1.105:course-service:8886?status=UP&lastDirtyTimestamp=1722139703563","logger":"org.springframework.web.client.RestTemplate","thread":"DiscoveryClient-HeartbeatExecutor-%d","level":"DEBUG","level_value":10000}
{"timestamp":"2024-07-28T11:12:23.853823+07:00","version":"1","msg":"HTTP GET http://localhost:8761/eureka/apps/delta","logger":"org.springframework.web.client.RestTemplate","thread":"DiscoveryClient-CacheRefreshExecutor-%d","level":"DEBUG","level_value":10000}
{"timestamp":"2024-07-28T11:12:23.859823+07:00","version":"1","msg":"Accept=[application/json, application/*+json]","logger":"org.springframework.web.client.RestTemplate","thread":"DiscoveryClient-HeartbeatExecutor-%d","level":"DEBUG","level_value":10000}
{"timestamp":"2024-07-28T11:12:23.859807+07:00","version":"1","msg":"Accept=[application/json, application/*+json]","logger":"org.springframework.web.client.RestTemplate","thread":"DiscoveryClient-CacheRefreshExecutor-%d","level":"DEBUG","level_value":10000}
{"timestamp":"2024-07-28T11:12:23.887634+07:00","version":"1","msg":"Response 200 OK","logger":"org.springframework.web.client.RestTemplate","thread":"DiscoveryClient-HeartbeatExecutor-%d","level":"DEBUG","level_value":10000}
{"timestamp":"2024-07-28T11:12:23.887634+07:00","version":"1","msg":"Response 200 OK","logger":"org.springframework.web.client.RestTemplate","thread":"DiscoveryClient-CacheRefreshExecutor-%d","level":"DEBUG","level_value":10000}
{"timestamp":"2024-07-28T11:12:23.891753+07:00","version":"1","msg":"Reading to [org.springframework.cloud.netflix.eureka.http.EurekaApplications]","logger":"org.springframework.web.client.RestTemplate","thread":"DiscoveryClient-CacheRefreshExecutor-%d","level":"DEBUG","level_value":10000}
{"timestamp":"2024-07-28T11:12:53.902386+07:00","version":"1","msg":"HTTP PUT http://localhost:8761/eureka/apps/COURSE-SERVICE/192.168.1.105:course-service:8886?status=UP&lastDirtyTimestamp=1722139703563","logger":"org.springframework.web.client.RestTemplate","thread":"DiscoveryClient-HeartbeatExecutor-%d","level":"DEBUG","level_value":10000}
{"timestamp":"2024-07-28T11:12:53.902374+07:00","version":"1","msg":"HTTP GET http://localhost:8761/eureka/apps/delta","logger":"org.springframework.web.client.RestTemplate","thread":"DiscoveryClient-CacheRefreshExecutor-%d","level":"DEBUG","level_value":10000}
{"timestamp":"2024-07-28T11:12:53.911+07:00","version":"1","msg":"Accept=[application/json, application/*+json]","logger":"org.springframework.web.client.RestTemplate","thread":"DiscoveryClient-HeartbeatExecutor-%d","level":"DEBUG","level_value":10000}
{"timestamp":"2024-07-28T11:12:53.910905+07:00","version":"1","msg":"Accept=[application/json, application/*+json]","logger":"org.springframework.web.client.RestTemplate","thread":"DiscoveryClient-CacheRefreshExecutor-%d","level":"DEBUG","level_value":10000}
{"timestamp":"2024-07-28T11:12:53.957173+07:00","version":"1","msg":"Response 200 OK","logger":"org.springframework.web.client.RestTemplate","thread":"DiscoveryClient-HeartbeatExecutor-%d","level":"DEBUG","level_value":10000}
{"timestamp":"2024-07-28T11:12:53.957171+07:00","version":"1","msg":"Response 200 OK","logger":"org.springframework.web.client.RestTemplate","thread":"DiscoveryClient-CacheRefreshExecutor-%d","level":"DEBUG","level_value":10000}
{"timestamp":"2024-07-28T11:12:53.958476+07:00","version":"1","msg":"Reading to [org.springframework.cloud.netflix.eureka.http.EurekaApplications]","logger":"org.springframework.web.client.RestTemplate","thread":"DiscoveryClient-CacheRefreshExecutor-%d","level":"DEBUG","level_value":10000}
{"timestamp":"2024-07-28T11:13:23.476475+07:00","version":"1","msg":"Resolving eureka endpoints via configuration","logger":"com.netflix.discovery.shared.resolver.aws.ConfigClusterResolver","thread":"AsyncResolver-bootstrap-executor-%d","level":"INFO","level_value":20000}
{"timestamp":"2024-07-28T11:13:23.965971+07:00","version":"1","msg":"HTTP PUT http://localhost:8761/eureka/apps/COURSE-SERVICE/192.168.1.105:course-service:8886?status=UP&lastDirtyTimestamp=1722139703563","logger":"org.springframework.web.client.RestTemplate","thread":"DiscoveryClient-HeartbeatExecutor-%d","level":"DEBUG","level_value":10000}
{"timestamp":"2024-07-28T11:13:23.965971+07:00","version":"1","msg":"HTTP GET http://localhost:8761/eureka/apps/delta","logger":"org.springframework.web.client.RestTemplate","thread":"DiscoveryClient-CacheRefreshExecutor-%d","level":"DEBUG","level_value":10000}
{"timestamp":"2024-07-28T11:13:23.971743+07:00","version":"1","msg":"Accept=[application/json, application/*+json]","logger":"org.springframework.web.client.RestTemplate","thread":"DiscoveryClient-CacheRefreshExecutor-%d","level":"DEBUG","level_value":10000}
{"timestamp":"2024-07-28T11:13:23.971743+07:00","version":"1","msg":"Accept=[application/json, application/*+json]","logger":"org.springframework.web.client.RestTemplate","thread":"DiscoveryClient-HeartbeatExecutor-%d","level":"DEBUG","level_value":10000}
{"timestamp":"2024-07-28T11:13:24.014499+07:00","version":"1","msg":"Response 200 OK","logger":"org.springframework.web.client.RestTemplate","thread":"DiscoveryClient-HeartbeatExecutor-%d","level":"DEBUG","level_value":10000}
{"timestamp":"2024-07-28T11:13:24.014499+07:00","version":"1","msg":"Response 200 OK","logger":"org.springframework.web.client.RestTemplate","thread":"DiscoveryClient-CacheRefreshExecutor-%d","level":"DEBUG","level_value":10000}
{"timestamp":"2024-07-28T11:13:24.015663+07:00","version":"1","msg":"Reading to [org.springframework.cloud.netflix.eureka.http.EurekaApplications]","logger":"org.springframework.web.client.RestTemplate","thread":"DiscoveryClient-CacheRefreshExecutor-%d","level":"DEBUG","level_value":10000}
{"timestamp":"2024-07-28T11:13:54.023971+07:00","version":"1","msg":"HTTP GET http://localhost:8761/eureka/apps/delta","logger":"org.springframework.web.client.RestTemplate","thread":"DiscoveryClient-CacheRefreshExecutor-%d","level":"DEBUG","level_value":10000}
{"timestamp":"2024-07-28T11:13:54.023974+07:00","version":"1","msg":"HTTP PUT http://localhost:8761/eureka/apps/COURSE-SERVICE/192.168.1.105:course-service:8886?status=UP&lastDirtyTimestamp=1722139703563","logger":"org.springframework.web.client.RestTemplate","thread":"DiscoveryClient-HeartbeatExecutor-%d","level":"DEBUG","level_value":10000}
{"timestamp":"2024-07-28T11:13:54.033725+07:00","version":"1","msg":"Accept=[application/json, application/*+json]","logger":"org.springframework.web.client.RestTemplate","thread":"DiscoveryClient-CacheRefreshExecutor-%d","level":"DEBUG","level_value":10000}
{"timestamp":"2024-07-28T11:13:54.033704+07:00","version":"1","msg":"Accept=[application/json, application/*+json]","logger":"org.springframework.web.client.RestTemplate","thread":"DiscoveryClient-HeartbeatExecutor-%d","level":"DEBUG","level_value":10000}
{"timestamp":"2024-07-28T11:13:54.142992+07:00","version":"1","msg":"Response 200 OK","logger":"org.springframework.web.client.RestTemplate","thread":"DiscoveryClient-CacheRefreshExecutor-%d","level":"DEBUG","level_value":10000}
{"timestamp":"2024-07-28T11:13:54.143016+07:00","version":"1","msg":"Response 200 OK","logger":"org.springframework.web.client.RestTemplate","thread":"DiscoveryClient-HeartbeatExecutor-%d","level":"DEBUG","level_value":10000}
{"timestamp":"2024-07-28T11:13:54.146345+07:00","version":"1","msg":"Reading to [org.springframework.cloud.netflix.eureka.http.EurekaApplications]","logger":"org.springframework.web.client.RestTemplate","thread":"DiscoveryClient-CacheRefreshExecutor-%d","level":"DEBUG","level_value":10000}
{"timestamp":"2024-07-28T11:14:24.154014+07:00","version":"1","msg":"HTTP GET http://localhost:8761/eureka/apps/delta","logger":"org.springframework.web.client.RestTemplate","thread":"DiscoveryClient-CacheRefreshExecutor-%d","level":"DEBUG","level_value":10000}
{"timestamp":"2024-07-28T11:14:24.152763+07:00","version":"1","msg":"HTTP PUT http://localhost:8761/eureka/apps/COURSE-SERVICE/192.168.1.105:course-service:8886?status=UP&lastDirtyTimestamp=1722139703563","logger":"org.springframework.web.client.RestTemplate","thread":"DiscoveryClient-HeartbeatExecutor-%d","level":"DEBUG","level_value":10000}
{"timestamp":"2024-07-28T11:14:24.156598+07:00","version":"1","msg":"Accept=[application/json, application/*+json]","logger":"org.springframework.web.client.RestTemplate","thread":"DiscoveryClient-HeartbeatExecutor-%d","level":"DEBUG","level_value":10000}
{"timestamp":"2024-07-28T11:14:24.156598+07:00","version":"1","msg":"Accept=[application/json, application/*+json]","logger":"org.springframework.web.client.RestTemplate","thread":"DiscoveryClient-CacheRefreshExecutor-%d","level":"DEBUG","level_value":10000}
{"timestamp":"2024-07-28T11:14:24.177038+07:00","version":"1","msg":"Response 200 OK","logger":"org.springframework.web.client.RestTemplate","thread":"DiscoveryClient-HeartbeatExecutor-%d","level":"DEBUG","level_value":10000}
{"timestamp":"2024-07-28T11:14:24.176887+07:00","version":"1","msg":"Response 200 OK","logger":"org.springframework.web.client.RestTemplate","thread":"DiscoveryClient-CacheRefreshExecutor-%d","level":"DEBUG","level_value":10000}
{"timestamp":"2024-07-28T11:14:24.177824+07:00","version":"1","msg":"Reading to [org.springframework.cloud.netflix.eureka.http.EurekaApplications]","logger":"org.springframework.web.client.RestTemplate","thread":"DiscoveryClient-CacheRefreshExecutor-%d","level":"DEBUG","level_value":10000}
{"timestamp":"2024-07-28T11:14:54.185138+07:00","version":"1","msg":"HTTP GET http://localhost:8761/eureka/apps/delta","logger":"org.springframework.web.client.RestTemplate","thread":"DiscoveryClient-CacheRefreshExecutor-%d","level":"DEBUG","level_value":10000}
{"timestamp":"2024-07-28T11:14:54.185138+07:00","version":"1","msg":"HTTP PUT http://localhost:8761/eureka/apps/COURSE-SERVICE/192.168.1.105:course-service:8886?status=UP&lastDirtyTimestamp=1722139703563","logger":"org.springframework.web.client.RestTemplate","thread":"DiscoveryClient-HeartbeatExecutor-%d","level":"DEBUG","level_value":10000}
{"timestamp":"2024-07-28T11:14:54.189493+07:00","version":"1","msg":"Accept=[application/json, application/*+json]","logger":"org.springframework.web.client.RestTemplate","thread":"DiscoveryClient-HeartbeatExecutor-%d","level":"DEBUG","level_value":10000}
{"timestamp":"2024-07-28T11:14:54.189495+07:00","version":"1","msg":"Accept=[application/json, application/*+json]","logger":"org.springframework.web.client.RestTemplate","thread":"DiscoveryClient-CacheRefreshExecutor-%d","level":"DEBUG","level_value":10000}
{"timestamp":"2024-07-28T11:14:54.2344+07:00","version":"1","msg":"Response 200 OK","logger":"org.springframework.web.client.RestTemplate","thread":"DiscoveryClient-HeartbeatExecutor-%d","level":"DEBUG","level_value":10000}
{"timestamp":"2024-07-28T11:14:54.234422+07:00","version":"1","msg":"Response 200 OK","logger":"org.springframework.web.client.RestTemplate","thread":"DiscoveryClient-CacheRefreshExecutor-%d","level":"DEBUG","level_value":10000}
{"timestamp":"2024-07-28T11:14:54.236242+07:00","version":"1","msg":"Reading to [org.springframework.cloud.netflix.eureka.http.EurekaApplications]","logger":"org.springframework.web.client.RestTemplate","thread":"DiscoveryClient-CacheRefreshExecutor-%d","level":"DEBUG","level_value":10000}
{"timestamp":"2024-07-28T11:15:24.24642+07:00","version":"1","msg":"HTTP PUT http://localhost:8761/eureka/apps/COURSE-SERVICE/192.168.1.105:course-service:8886?status=UP&lastDirtyTimestamp=1722139703563","logger":"org.springframework.web.client.RestTemplate","thread":"DiscoveryClient-HeartbeatExecutor-%d","level":"DEBUG","level_value":10000}
{"timestamp":"2024-07-28T11:15:24.246425+07:00","version":"1","msg":"HTTP GET http://localhost:8761/eureka/apps/delta","logger":"org.springframework.web.client.RestTemplate","thread":"DiscoveryClient-CacheRefreshExecutor-%d","level":"DEBUG","level_value":10000}
{"timestamp":"2024-07-28T11:15:24.254441+07:00","version":"1","msg":"Accept=[application/json, application/*+json]","logger":"org.springframework.web.client.RestTemplate","thread":"DiscoveryClient-HeartbeatExecutor-%d","level":"DEBUG","level_value":10000}
{"timestamp":"2024-07-28T11:15:24.254415+07:00","version":"1","msg":"Accept=[application/json, application/*+json]","logger":"org.springframework.web.client.RestTemplate","thread":"DiscoveryClient-CacheRefreshExecutor-%d","level":"DEBUG","level_value":10000}
{"timestamp":"2024-07-28T11:15:24.27432+07:00","version":"1","msg":"Response 200 OK","logger":"org.springframework.web.client.RestTemplate","thread":"DiscoveryClient-CacheRefreshExecutor-%d","level":"DEBUG","level_value":10000}
{"timestamp":"2024-07-28T11:15:24.274443+07:00","version":"1","msg":"Response 200 OK","logger":"org.springframework.web.client.RestTemplate","thread":"DiscoveryClient-HeartbeatExecutor-%d","level":"DEBUG","level_value":10000}
{"timestamp":"2024-07-28T11:15:24.276542+07:00","version":"1","msg":"Reading to [org.springframework.cloud.netflix.eureka.http.EurekaApplications]","logger":"org.springframework.web.client.RestTemplate","thread":"DiscoveryClient-CacheRefreshExecutor-%d","level":"DEBUG","level_value":10000}
{"timestamp":"2024-07-28T11:15:54.287022+07:00","version":"1","msg":"HTTP PUT http://localhost:8761/eureka/apps/COURSE-SERVICE/192.168.1.105:course-service:8886?status=UP&lastDirtyTimestamp=1722139703563","logger":"org.springframework.web.client.RestTemplate","thread":"DiscoveryClient-HeartbeatExecutor-%d","level":"DEBUG","level_value":10000}
{"timestamp":"2024-07-28T11:15:54.287023+07:00","version":"1","msg":"HTTP GET http://localhost:8761/eureka/apps/delta","logger":"org.springframework.web.client.RestTemplate","thread":"DiscoveryClient-CacheRefreshExecutor-%d","level":"DEBUG","level_value":10000}
{"timestamp":"2024-07-28T11:15:54.291866+07:00","version":"1","msg":"Accept=[application/json, application/*+json]","logger":"org.springframework.web.client.RestTemplate","thread":"DiscoveryClient-CacheRefreshExecutor-%d","level":"DEBUG","level_value":10000}
{"timestamp":"2024-07-28T11:15:54.291801+07:00","version":"1","msg":"Accept=[application/json, application/*+json]","logger":"org.springframework.web.client.RestTemplate","thread":"DiscoveryClient-HeartbeatExecutor-%d","level":"DEBUG","level_value":10000}
{"timestamp":"2024-07-28T11:15:54.302868+07:00","version":"1","msg":"Response 200 OK","logger":"org.springframework.web.client.RestTemplate","thread":"DiscoveryClient-CacheRefreshExecutor-%d","level":"DEBUG","level_value":10000}
{"timestamp":"2024-07-28T11:15:54.302868+07:00","version":"1","msg":"Response 200 OK","logger":"org.springframework.web.client.RestTemplate","thread":"DiscoveryClient-HeartbeatExecutor-%d","level":"DEBUG","level_value":10000}
{"timestamp":"2024-07-28T11:15:54.303414+07:00","version":"1","msg":"Reading to [org.springframework.cloud.netflix.eureka.http.EurekaApplications]","logger":"org.springframework.web.client.RestTemplate","thread":"DiscoveryClient-CacheRefreshExecutor-%d","level":"DEBUG","level_value":10000}
{"timestamp":"2024-07-28T11:16:24.309715+07:00","version":"1","msg":"HTTP PUT http://localhost:8761/eureka/apps/COURSE-SERVICE/192.168.1.105:course-service:8886?status=UP&lastDirtyTimestamp=1722139703563","logger":"org.springframework.web.client.RestTemplate","thread":"DiscoveryClient-HeartbeatExecutor-%d","level":"DEBUG","level_value":10000}
{"timestamp":"2024-07-28T11:16:24.311357+07:00","version":"1","msg":"HTTP GET http://localhost:8761/eureka/apps/delta","logger":"org.springframework.web.client.RestTemplate","thread":"DiscoveryClient-CacheRefreshExecutor-%d","level":"DEBUG","level_value":10000}
{"timestamp":"2024-07-28T11:16:24.316576+07:00","version":"1","msg":"Accept=[application/json, application/*+json]","logger":"org.springframework.web.client.RestTemplate","thread":"DiscoveryClient-CacheRefreshExecutor-%d","level":"DEBUG","level_value":10000}
{"timestamp":"2024-07-28T11:16:24.316584+07:00","version":"1","msg":"Accept=[application/json, application/*+json]","logger":"org.springframework.web.client.RestTemplate","thread":"DiscoveryClient-HeartbeatExecutor-%d","level":"DEBUG","level_value":10000}
{"timestamp":"2024-07-28T11:16:24.324111+07:00","version":"1","msg":"Response 200 OK","logger":"org.springframework.web.client.RestTemplate","thread":"DiscoveryClient-HeartbeatExecutor-%d","level":"DEBUG","level_value":10000}
{"timestamp":"2024-07-28T11:16:24.324111+07:00","version":"1","msg":"Response 200 OK","logger":"org.springframework.web.client.RestTemplate","thread":"DiscoveryClient-CacheRefreshExecutor-%d","level":"DEBUG","level_value":10000}
{"timestamp":"2024-07-28T11:16:24.325037+07:00","version":"1","msg":"Reading to [org.springframework.cloud.netflix.eureka.http.EurekaApplications]","logger":"org.springframework.web.client.RestTemplate","thread":"DiscoveryClient-CacheRefreshExecutor-%d","level":"DEBUG","level_value":10000}
{"timestamp":"2024-07-28T11:16:54.342653+07:00","version":"1","msg":"HTTP PUT http://localhost:8761/eureka/apps/COURSE-SERVICE/192.168.1.105:course-service:8886?status=UP&lastDirtyTimestamp=1722139703563","logger":"org.springframework.web.client.RestTemplate","thread":"DiscoveryClient-HeartbeatExecutor-%d","level":"DEBUG","level_value":10000}
{"timestamp":"2024-07-28T11:16:54.342728+07:00","version":"1","msg":"HTTP GET http://localhost:8761/eureka/apps/delta","logger":"org.springframework.web.client.RestTemplate","thread":"DiscoveryClient-CacheRefreshExecutor-%d","level":"DEBUG","level_value":10000}
{"timestamp":"2024-07-28T11:16:54.351259+07:00","version":"1","msg":"Accept=[application/json, application/*+json]","logger":"org.springframework.web.client.RestTemplate","thread":"DiscoveryClient-CacheRefreshExecutor-%d","level":"DEBUG","level_value":10000}
{"timestamp":"2024-07-28T11:16:54.351259+07:00","version":"1","msg":"Accept=[application/json, application/*+json]","logger":"org.springframework.web.client.RestTemplate","thread":"DiscoveryClient-HeartbeatExecutor-%d","level":"DEBUG","level_value":10000}
{"timestamp":"2024-07-28T11:16:54.3708+07:00","version":"1","msg":"Response 200 OK","logger":"org.springframework.web.client.RestTemplate","thread":"DiscoveryClient-CacheRefreshExecutor-%d","level":"DEBUG","level_value":10000}
{"timestamp":"2024-07-28T11:16:54.3708+07:00","version":"1","msg":"Response 200 OK","logger":"org.springframework.web.client.RestTemplate","thread":"DiscoveryClient-HeartbeatExecutor-%d","level":"DEBUG","level_value":10000}
{"timestamp":"2024-07-28T11:16:54.372102+07:00","version":"1","msg":"Reading to [org.springframework.cloud.netflix.eureka.http.EurekaApplications]","logger":"org.springframework.web.client.RestTemplate","thread":"DiscoveryClient-CacheRefreshExecutor-%d","level":"DEBUG","level_value":10000}
{"timestamp":"2024-07-28T11:17:24.379256+07:00","version":"1","msg":"HTTP PUT http://localhost:8761/eureka/apps/COURSE-SERVICE/192.168.1.105:course-service:8886?status=UP&lastDirtyTimestamp=1722139703563","logger":"org.springframework.web.client.RestTemplate","thread":"DiscoveryClient-HeartbeatExecutor-%d","level":"DEBUG","level_value":10000}
{"timestamp":"2024-07-28T11:17:24.379256+07:00","version":"1","msg":"HTTP GET http://localhost:8761/eureka/apps/delta","logger":"org.springframework.web.client.RestTemplate","thread":"DiscoveryClient-CacheRefreshExecutor-%d","level":"DEBUG","level_value":10000}
{"timestamp":"2024-07-28T11:17:24.383643+07:00","version":"1","msg":"Accept=[application/json, application/*+json]","logger":"org.springframework.web.client.RestTemplate","thread":"DiscoveryClient-HeartbeatExecutor-%d","level":"DEBUG","level_value":10000}
{"timestamp":"2024-07-28T11:17:24.383643+07:00","version":"1","msg":"Accept=[application/json, application/*+json]","logger":"org.springframework.web.client.RestTemplate","thread":"DiscoveryClient-CacheRefreshExecutor-%d","level":"DEBUG","level_value":10000}
{"timestamp":"2024-07-28T11:17:24.394364+07:00","version":"1","msg":"Response 200 OK","logger":"org.springframework.web.client.RestTemplate","thread":"DiscoveryClient-HeartbeatExecutor-%d","level":"DEBUG","level_value":10000}
{"timestamp":"2024-07-28T11:17:24.394364+07:00","version":"1","msg":"Response 200 OK","logger":"org.springframework.web.client.RestTemplate","thread":"DiscoveryClient-CacheRefreshExecutor-%d","level":"DEBUG","level_value":10000}
{"timestamp":"2024-07-28T11:17:24.395025+07:00","version":"1","msg":"Reading to [org.springframework.cloud.netflix.eureka.http.EurekaApplications]","logger":"org.springframework.web.client.RestTemplate","thread":"DiscoveryClient-CacheRefreshExecutor-%d","level":"DEBUG","level_value":10000}
{"timestamp":"2024-07-28T11:17:54.402104+07:00","version":"1","msg":"HTTP PUT http://localhost:8761/eureka/apps/COURSE-SERVICE/192.168.1.105:course-service:8886?status=UP&lastDirtyTimestamp=1722139703563","logger":"org.springframework.web.client.RestTemplate","thread":"DiscoveryClient-HeartbeatExecutor-%d","level":"DEBUG","level_value":10000}
{"timestamp":"2024-07-28T11:17:54.402103+07:00","version":"1","msg":"HTTP GET http://localhost:8761/eureka/apps/delta","logger":"org.springframework.web.client.RestTemplate","thread":"DiscoveryClient-CacheRefreshExecutor-%d","level":"DEBUG","level_value":10000}
{"timestamp":"2024-07-28T11:17:54.408477+07:00","version":"1","msg":"Accept=[application/json, application/*+json]","logger":"org.springframework.web.client.RestTemplate","thread":"DiscoveryClient-CacheRefreshExecutor-%d","level":"DEBUG","level_value":10000}
{"timestamp":"2024-07-28T11:17:54.408477+07:00","version":"1","msg":"Accept=[application/json, application/*+json]","logger":"org.springframework.web.client.RestTemplate","thread":"DiscoveryClient-HeartbeatExecutor-%d","level":"DEBUG","level_value":10000}
{"timestamp":"2024-07-28T11:17:54.415569+07:00","version":"1","msg":"Response 200 OK","logger":"org.springframework.web.client.RestTemplate","thread":"DiscoveryClient-HeartbeatExecutor-%d","level":"DEBUG","level_value":10000}
{"timestamp":"2024-07-28T11:17:54.415569+07:00","version":"1","msg":"Response 200 OK","logger":"org.springframework.web.client.RestTemplate","thread":"DiscoveryClient-CacheRefreshExecutor-%d","level":"DEBUG","level_value":10000}
{"timestamp":"2024-07-28T11:17:54.416398+07:00","version":"1","msg":"Reading to [org.springframework.cloud.netflix.eureka.http.EurekaApplications]","logger":"org.springframework.web.client.RestTemplate","thread":"DiscoveryClient-CacheRefreshExecutor-%d","level":"DEBUG","level_value":10000}
{"timestamp":"2024-07-28T11:18:23.490367+07:00","version":"1","msg":"Resolving eureka endpoints via configuration","logger":"com.netflix.discovery.shared.resolver.aws.ConfigClusterResolver","thread":"AsyncResolver-bootstrap-executor-%d","level":"INFO","level_value":20000}
{"timestamp":"2024-07-28T11:18:24.425918+07:00","version":"1","msg":"HTTP GET http://localhost:8761/eureka/apps/delta","logger":"org.springframework.web.client.RestTemplate","thread":"DiscoveryClient-CacheRefreshExecutor-%d","level":"DEBUG","level_value":10000}
{"timestamp":"2024-07-28T11:18:24.425918+07:00","version":"1","msg":"HTTP PUT http://localhost:8761/eureka/apps/COURSE-SERVICE/192.168.1.105:course-service:8886?status=UP&lastDirtyTimestamp=1722139703563","logger":"org.springframework.web.client.RestTemplate","thread":"DiscoveryClient-HeartbeatExecutor-%d","level":"DEBUG","level_value":10000}
{"timestamp":"2024-07-28T11:18:24.429299+07:00","version":"1","msg":"Accept=[application/json, application/*+json]","logger":"org.springframework.web.client.RestTemplate","thread":"DiscoveryClient-HeartbeatExecutor-%d","level":"DEBUG","level_value":10000}
{"timestamp":"2024-07-28T11:18:24.429299+07:00","version":"1","msg":"Accept=[application/json, application/*+json]","logger":"org.springframework.web.client.RestTemplate","thread":"DiscoveryClient-CacheRefreshExecutor-%d","level":"DEBUG","level_value":10000}
{"timestamp":"2024-07-28T11:18:24.438552+07:00","version":"1","msg":"Response 200 OK","logger":"org.springframework.web.client.RestTemplate","thread":"DiscoveryClient-CacheRefreshExecutor-%d","level":"DEBUG","level_value":10000}
{"timestamp":"2024-07-28T11:18:24.438639+07:00","version":"1","msg":"Response 200 OK","logger":"org.springframework.web.client.RestTemplate","thread":"DiscoveryClient-HeartbeatExecutor-%d","level":"DEBUG","level_value":10000}
{"timestamp":"2024-07-28T11:18:24.439445+07:00","version":"1","msg":"Reading to [org.springframework.cloud.netflix.eureka.http.EurekaApplications]","logger":"org.springframework.web.client.RestTemplate","thread":"DiscoveryClient-CacheRefreshExecutor-%d","level":"DEBUG","level_value":10000}
{"timestamp":"2024-07-28T11:18:54.450068+07:00","version":"1","msg":"HTTP PUT http://localhost:8761/eureka/apps/COURSE-SERVICE/192.168.1.105:course-service:8886?status=UP&lastDirtyTimestamp=1722139703563","logger":"org.springframework.web.client.RestTemplate","thread":"DiscoveryClient-HeartbeatExecutor-%d","level":"DEBUG","level_value":10000}
{"timestamp":"2024-07-28T11:18:54.451618+07:00","version":"1","msg":"HTTP GET http://localhost:8761/eureka/apps/delta","logger":"org.springframework.web.client.RestTemplate","thread":"DiscoveryClient-CacheRefreshExecutor-%d","level":"DEBUG","level_value":10000}
{"timestamp":"2024-07-28T11:18:54.455796+07:00","version":"1","msg":"Accept=[application/json, application/*+json]","logger":"org.springframework.web.client.RestTemplate","thread":"DiscoveryClient-CacheRefreshExecutor-%d","level":"DEBUG","level_value":10000}
{"timestamp":"2024-07-28T11:18:54.455799+07:00","version":"1","msg":"Accept=[application/json, application/*+json]","logger":"org.springframework.web.client.RestTemplate","thread":"DiscoveryClient-HeartbeatExecutor-%d","level":"DEBUG","level_value":10000}
{"timestamp":"2024-07-28T11:18:54.463331+07:00","version":"1","msg":"Response 200 OK","logger":"org.springframework.web.client.RestTemplate","thread":"DiscoveryClient-CacheRefreshExecutor-%d","level":"DEBUG","level_value":10000}
{"timestamp":"2024-07-28T11:18:54.463331+07:00","version":"1","msg":"Response 200 OK","logger":"org.springframework.web.client.RestTemplate","thread":"DiscoveryClient-HeartbeatExecutor-%d","level":"DEBUG","level_value":10000}
{"timestamp":"2024-07-28T11:18:54.464364+07:00","version":"1","msg":"Reading to [org.springframework.cloud.netflix.eureka.http.EurekaApplications]","logger":"org.springframework.web.client.RestTemplate","thread":"DiscoveryClient-CacheRefreshExecutor-%d","level":"DEBUG","level_value":10000}
{"timestamp":"2024-07-28T11:19:11.939578+07:00","version":"1","msg":"Unregistering application COURSE-SERVICE with eureka with status DOWN","logger":"org.springframework.cloud.netflix.eureka.serviceregistry.EurekaServiceRegistry","thread":"SpringApplicationShutdownHook","level":"INFO","level_value":20000}
{"timestamp":"2024-07-28T11:19:11.953284+07:00","version":"1","msg":"Saw local status change event StatusChangeEvent [timestamp=1722140351952, current=DOWN, previous=UP]","logger":"com.netflix.discovery.DiscoveryClient","thread":"SpringApplicationShutdownHook","level":"INFO","level_value":20000}
{"timestamp":"2024-07-28T11:19:11.959233+07:00","version":"1","msg":"DiscoveryClient_COURSE-SERVICE/192.168.1.105:course-service:8886: registering service...","logger":"com.netflix.discovery.DiscoveryClient","thread":"DiscoveryClient-InstanceInfoReplicator-%d","level":"INFO","level_value":20000}
{"timestamp":"2024-07-28T11:19:11.969097+07:00","version":"1","msg":"HTTP POST http://localhost:8761/eureka/apps/COURSE-SERVICE","logger":"org.springframework.web.client.RestTemplate","thread":"DiscoveryClient-InstanceInfoReplicator-%d","level":"DEBUG","level_value":10000}
{"timestamp":"2024-07-28T11:19:11.987671+07:00","version":"1","msg":"Accept=[application/json, application/*+json]","logger":"org.springframework.web.client.RestTemplate","thread":"DiscoveryClient-InstanceInfoReplicator-%d","level":"DEBUG","level_value":10000}
{"timestamp":"2024-07-28T11:19:11.994215+07:00","version":"1","msg":"Writing [InstanceInfo [instanceId = 192.168.1.105:course-service:8886, appName = COURSE-SERVICE, hostName = 192.168.1.105, status = DOWN, ipAddr = 192.168.1.105, port = 8886, securePort = 443, dataCenterInfo = com.netflix.appinfo.MyDataCenterInfo@295692fd] as \"application/json\"","logger":"org.springframework.web.client.RestTemplate","thread":"DiscoveryClient-InstanceInfoReplicator-%d","level":"DEBUG","level_value":10000}
{"timestamp":"2024-07-28T11:19:12.029871+07:00","version":"1","msg":"Response 204 NO_CONTENT","logger":"org.springframework.web.client.RestTemplate","thread":"DiscoveryClient-InstanceInfoReplicator-%d","level":"DEBUG","level_value":10000}
{"timestamp":"2024-07-28T11:19:12.032188+07:00","version":"1","msg":"DiscoveryClient_COURSE-SERVICE/192.168.1.105:course-service:8886 - registration status: 204","logger":"com.netflix.discovery.DiscoveryClient","thread":"DiscoveryClient-InstanceInfoReplicator-%d","level":"INFO","level_value":20000}
{"timestamp":"2024-07-28T11:19:12.375151+07:00","version":"1","msg":"Stopped RedisMessageListenerContainer","logger":"org.springframework.data.redis.listener.RedisMessageListenerContainer","thread":"SpringApplicationShutdownHook","level":"DEBUG","level_value":10000}
{"timestamp":"2024-07-28T11:19:12.398913+07:00","version":"1","msg":"Closing JPA EntityManagerFactory for persistence unit 'default'","logger":"org.springframework.orm.jpa.LocalContainerEntityManagerFactoryBean","thread":"SpringApplicationShutdownHook","level":"INFO","level_value":20000}
{"timestamp":"2024-07-28T11:19:12.430117+07:00","version":"1","msg":"HikariPool-1 - Shutdown initiated...","logger":"com.zaxxer.hikari.HikariDataSource","thread":"SpringApplicationShutdownHook","level":"INFO","level_value":20000}
{"timestamp":"2024-07-28T11:19:12.435496+07:00","version":"1","msg":"HikariPool-1 - Shutdown completed.","logger":"com.zaxxer.hikari.HikariDataSource","thread":"SpringApplicationShutdownHook","level":"INFO","level_value":20000}
{"timestamp":"2024-07-28T11:19:12.442227+07:00","version":"1","msg":"Shutting down DiscoveryClient ...","logger":"com.netflix.discovery.DiscoveryClient","thread":"SpringApplicationShutdownHook","level":"INFO","level_value":20000}
{"timestamp":"2024-07-28T11:19:15.452215+07:00","version":"1","msg":"Unregistering ...","logger":"com.netflix.discovery.DiscoveryClient","thread":"SpringApplicationShutdownHook","level":"INFO","level_value":20000}
{"timestamp":"2024-07-28T11:19:15.464923+07:00","version":"1","msg":"HTTP DELETE http://localhost:8761/eureka/apps/COURSE-SERVICE/192.168.1.105:course-service:8886","logger":"org.springframework.web.client.RestTemplate","thread":"SpringApplicationShutdownHook","level":"DEBUG","level_value":10000}
{"timestamp":"2024-07-28T11:19:15.466812+07:00","version":"1","msg":"Accept=[application/json, application/*+json]","logger":"org.springframework.web.client.RestTemplate","thread":"SpringApplicationShutdownHook","level":"DEBUG","level_value":10000}
{"timestamp":"2024-07-28T11:19:15.496302+07:00","version":"1","msg":"Request execution error. endpoint=DefaultEndpoint{ serviceUrl='http://localhost:8761/eureka/} exception=I/O error on DELETE request for \"http://localhost:8761/eureka/apps/COURSE-SERVICE/192.168.1.105:course-service:8886\": Connect to http://localhost:8761 [localhost/127.0.0.1, localhost/0:0:0:0:0:0:0:1] failed: Connection refused stacktrace=org.springframework.web.client.ResourceAccessException: I/O error on DELETE request for \"http://localhost:8761/eureka/apps/COURSE-SERVICE/192.168.1.105:course-service:8886\": Connect to http://localhost:8761 [localhost/127.0.0.1, localhost/0:0:0:0:0:0:0:1] failed: Connection refused\n\tat org.springframework.web.client.RestTemplate.createResourceAccessException(RestTemplate.java:915)\n\tat org.springframework.web.client.RestTemplate.doExecute(RestTemplate.java:895)\n\tat org.springframework.web.client.RestTemplate.execute(RestTemplate.java:790)\n\tat org.springframework.web.client.RestTemplate.exchange(RestTemplate.java:672)\n\tat org.springframework.cloud.netflix.eureka.http.RestTemplateEurekaHttpClient.cancel(RestTemplateEurekaHttpClient.java:87)\n\tat com.netflix.discovery.shared.transport.decorator.EurekaHttpClientDecorator$2.execute(EurekaHttpClientDecorator.java:74)\n\tat com.netflix.discovery.shared.transport.decorator.RedirectingEurekaHttpClient.execute(RedirectingEurekaHttpClient.java:91)\n\tat com.netflix.discovery.shared.transport.decorator.EurekaHttpClientDecorator.cancel(EurekaHttpClientDecorator.java:71)\n\tat com.netflix.discovery.shared.transport.decorator.EurekaHttpClientDecorator$2.execute(EurekaHttpClientDecorator.java:74)\n\tat com.netflix.discovery.shared.transport.decorator.RetryableEurekaHttpClient.execute(RetryableEurekaHttpClient.java:120)\n\tat com.netflix.discovery.shared.transport.decorator.EurekaHttpClientDecorator.cancel(EurekaHttpClientDecorator.java:71)\n\tat com.netflix.discovery.shared.transport.decorator.EurekaHttpClientDecorator$2.execute(EurekaHttpClientDecorator.java:74)\n\tat com.netflix.discovery.shared.transport.decorator.SessionedEurekaHttpClient.execute(SessionedEurekaHttpClient.java:76)\n\tat com.netflix.discovery.shared.transport.decorator.EurekaHttpClientDecorator.cancel(EurekaHttpClientDecorator.java:71)\n\tat com.netflix.discovery.DiscoveryClient.unregister(DiscoveryClient.java:919)\n\tat com.netflix.discovery.DiscoveryClient.shutdown(DiscoveryClient.java:900)\n\tat java.base/jdk.internal.reflect.NativeMethodAccessorImpl.invoke0(Native Method)\n\tat java.base/jdk.internal.reflect.NativeMethodAccessorImpl.invoke(NativeMethodAccessorImpl.java:77)\n\tat java.base/jdk.internal.reflect.DelegatingMethodAccessorImpl.invoke(DelegatingMethodAccessorImpl.java:43)\n\tat java.base/java.lang.reflect.Method.invoke(Method.java:568)\n\tat org.springframework.beans.factory.annotation.InitDestroyAnnotationBeanPostProcessor$LifecycleMethod.invoke(InitDestroyAnnotationBeanPostProcessor.java:457)\n\tat org.springframework.beans.factory.annotation.InitDestroyAnnotationBeanPostProcessor$LifecycleMetadata.invokeDestroyMethods(InitDestroyAnnotationBeanPostProcessor.java:415)\n\tat org.springframework.beans.factory.annotation.InitDestroyAnnotationBeanPostProcessor.postProcessBeforeDestruction(InitDestroyAnnotationBeanPostProcessor.java:239)\n\tat org.springframework.beans.factory.support.DisposableBeanAdapter.destroy(DisposableBeanAdapter.java:202)\n\tat org.springframework.beans.factory.support.DisposableBeanAdapter.run(DisposableBeanAdapter.java:195)\n\tat org.springframework.cloud.context.scope.GenericScope$BeanLifecycleWrapper.destroy(GenericScope.java:389)\n\tat org.springframework.cloud.context.scope.GenericScope.destroy(GenericScope.java:136)\n\tat org.springframework.beans.factory.support.DisposableBeanAdapter.destroy(DisposableBeanAdapter.java:211)\n\tat org.springframework.beans.factory.support.DefaultSingletonBeanRegistry.destroyBean(DefaultSingletonBeanRegistry.java:587)\n\tat org.springframework.beans.factory.support.DefaultSingletonBeanRegistry.destroySingleton(DefaultSingletonBeanRegistry.java:559)\n\tat org.springframework.beans.factory.support.DefaultListableBeanFactory.destroySingleton(DefaultListableBeanFactory.java:1202)\n\tat org.springframework.beans.factory.support.DefaultSingletonBeanRegistry.destroySingletons(DefaultSingletonBeanRegistry.java:520)\n\tat org.springframework.beans.factory.support.DefaultListableBeanFactory.destroySingletons(DefaultListableBeanFactory.java:1195)\n\tat org.springframework.context.support.AbstractApplicationContext.destroyBeans(AbstractApplicationContext.java:1195)\n\tat org.springframework.context.support.AbstractApplicationContext.doClose(AbstractApplicationContext.java:1156)\n\tat org.springframework.boot.web.servlet.context.ServletWebServerApplicationContext.doClose(ServletWebServerApplicationContext.java:174)\n\tat org.springframework.context.support.AbstractApplicationContext.close(AbstractApplicationContext.java:1102)\n\tat org.springframework.boot.SpringApplicationShutdownHook.closeAndWait(SpringApplicationShutdownHook.java:145)\n\tat java.base/java.lang.Iterable.forEach(Iterable.java:75)\n\tat org.springframework.boot.SpringApplicationShutdownHook.run(SpringApplicationShutdownHook.java:114)\n\tat java.base/java.lang.Thread.run(Thread.java:840)\nCaused by: org.apache.hc.client5.http.HttpHostConnectException: Connect to http://localhost:8761 [localhost/127.0.0.1, localhost/0:0:0:0:0:0:0:1] failed: Connection refused\n\tat java.base/sun.nio.ch.Net.pollConnect(Native Method)\n\tat java.base/sun.nio.ch.Net.pollConnectNow(Net.java:672)\n\tat java.base/sun.nio.ch.NioSocketImpl.timedFinishConnect(NioSocketImpl.java:554)\n\tat java.base/sun.nio.ch.NioSocketImpl.connect(NioSocketImpl.java:602)\n\tat java.base/java.net.SocksSocketImpl.connect(SocksSocketImpl.java:327)\n\tat java.base/java.net.Socket.connect(Socket.java:633)\n\tat org.apache.hc.client5.http.socket.PlainConnectionSocketFactory.lambda$connectSocket$0(PlainConnectionSocketFactory.java:91)\n\tat java.base/java.security.AccessController.doPrivileged(AccessController.java:569)\n\tat org.apache.hc.client5.http.socket.PlainConnectionSocketFactory.connectSocket(PlainConnectionSocketFactory.java:90)\n\tat org.apache.hc.client5.http.socket.ConnectionSocketFactory.connectSocket(ConnectionSocketFactory.java:123)\n\tat org.apache.hc.client5.http.impl.io.DefaultHttpClientConnectionOperator.connect(DefaultHttpClientConnectionOperator.java:189)\n\tat org.apache.hc.client5.http.impl.io.PoolingHttpClientConnectionManager.connect(PoolingHttpClientConnectionManager.java:450)\n\tat org.apache.hc.client5.http.impl.classic.InternalExecRuntime.connectEndpoint(InternalExecRuntime.java:162)\n\tat org.apache.hc.client5.http.impl.classic.InternalExecRuntime.connectEndpoint(InternalExecRuntime.java:172)\n\tat org.apache.hc.client5.http.impl.classic.ConnectExec.execute(ConnectExec.java:142)\n\tat org.apache.hc.client5.http.impl.classic.ExecChainElement.execute(ExecChainElement.java:51)\n\tat org.apache.hc.client5.http.impl.classic.ProtocolExec.execute(ProtocolExec.java:192)\n\tat org.apache.hc.client5.http.impl.classic.ExecChainElement.execute(ExecChainElement.java:51)\n\tat org.apache.hc.client5.http.impl.classic.HttpRequestRetryExec.execute(HttpRequestRetryExec.java:113)\n\tat org.apache.hc.client5.http.impl.classic.ExecChainElement.execute(ExecChainElement.java:51)\n\tat org.apache.hc.client5.http.impl.classic.ContentCompressionExec.execute(ContentCompressionExec.java:152)\n\tat org.apache.hc.client5.http.impl.classic.ExecChainElement.execute(ExecChainElement.java:51)\n\tat org.apache.hc.client5.http.impl.classic.RedirectExec.execute(RedirectExec.java:116)\n\tat org.apache.hc.client5.http.impl.classic.ExecChainElement.execute(ExecChainElement.java:51)\n\tat org.apache.hc.client5.http.impl.classic.InternalHttpClient.doExecute(InternalHttpClient.java:170)\n\tat org.apache.hc.client5.http.impl.classic.CloseableHttpClient.execute(CloseableHttpClient.java:87)\n\tat org.apache.hc.client5.http.impl.classic.CloseableHttpClient.execute(CloseableHttpClient.java:55)\n\tat org.apache.hc.client5.http.classic.HttpClient.executeOpen(HttpClient.java:183)\n\tat org.springframework.http.client.HttpComponentsClientHttpRequest.executeInternal(HttpComponentsClientHttpRequest.java:99)\n\tat org.springframework.http.client.AbstractStreamingClientHttpRequest.executeInternal(AbstractStreamingClientHttpRequest.java:70)\n\tat org.springframework.http.client.AbstractClientHttpRequest.execute(AbstractClientHttpRequest.java:66)\n\tat org.springframework.http.client.InterceptingClientHttpRequest$InterceptingRequestExecution.execute(InterceptingClientHttpRequest.java:112)\n\tat org.springframework.cloud.netflix.eureka.http.RestTemplateTransportClientFactory.lambda$restTemplate$3(RestTemplateTransportClientFactory.java:170)\n\tat org.springframework.http.client.InterceptingClientHttpRequest$InterceptingRequestExecution.execute(InterceptingClientHttpRequest.java:88)\n\tat org.springframework.http.client.InterceptingClientHttpRequest.executeInternal(InterceptingClientHttpRequest.java:72)\n\tat org.springframework.http.client.AbstractBufferingClientHttpRequest.executeInternal(AbstractBufferingClientHttpRequest.java:48)\n\tat org.springframework.http.client.AbstractClientHttpRequest.execute(AbstractClientHttpRequest.java:66)\n\tat org.springframework.web.client.RestTemplate.doExecute(RestTemplate.java:889)\n\t... 39 more\n","logger":"com.netflix.discovery.shared.transport.decorator.RedirectingEurekaHttpClient","thread":"SpringApplicationShutdownHook","level":"INFO","level_value":20000}
{"timestamp":"2024-07-28T11:19:15.498512+07:00","version":"1","msg":"Request execution failed with message: I/O error on DELETE request for \"http://localhost:8761/eureka/apps/COURSE-SERVICE/192.168.1.105:course-service:8886\": Connect to http://localhost:8761 [localhost/127.0.0.1, localhost/0:0:0:0:0:0:0:1] failed: Connection refused","logger":"com.netflix.discovery.shared.transport.decorator.RetryableEurekaHttpClient","thread":"SpringApplicationShutdownHook","level":"WARN","level_value":30000}
{"timestamp":"2024-07-28T11:19:15.538779+07:00","version":"1","msg":"HTTP DELETE http://localhost:8761/eureka/apps/COURSE-SERVICE/192.168.1.105:course-service:8886","logger":"org.springframework.web.client.RestTemplate","thread":"SpringApplicationShutdownHook","level":"DEBUG","level_value":10000}
{"timestamp":"2024-07-28T11:19:15.539236+07:00","version":"1","msg":"Accept=[application/json, application/*+json]","logger":"org.springframework.web.client.RestTemplate","thread":"SpringApplicationShutdownHook","level":"DEBUG","level_value":10000}
{"timestamp":"2024-07-28T11:19:15.54072+07:00","version":"1","msg":"Request execution error. endpoint=DefaultEndpoint{ serviceUrl='http://localhost:8761/eureka/}, exception=I/O error on DELETE request for \"http://localhost:8761/eureka/apps/COURSE-SERVICE/192.168.1.105:course-service:8886\": Connect to http://localhost:8761 [localhost/127.0.0.1, localhost/0:0:0:0:0:0:0:1] failed: Connection refused stacktrace=org.springframework.web.client.ResourceAccessException: I/O error on DELETE request for \"http://localhost:8761/eureka/apps/COURSE-SERVICE/192.168.1.105:course-service:8886\": Connect to http://localhost:8761 [localhost/127.0.0.1, localhost/0:0:0:0:0:0:0:1] failed: Connection refused\n\tat org.springframework.web.client.RestTemplate.createResourceAccessException(RestTemplate.java:915)\n\tat org.springframework.web.client.RestTemplate.doExecute(RestTemplate.java:895)\n\tat org.springframework.web.client.RestTemplate.execute(RestTemplate.java:790)\n\tat org.springframework.web.client.RestTemplate.exchange(RestTemplate.java:672)\n\tat org.springframework.cloud.netflix.eureka.http.RestTemplateEurekaHttpClient.cancel(RestTemplateEurekaHttpClient.java:87)\n\tat com.netflix.discovery.shared.transport.decorator.EurekaHttpClientDecorator$2.execute(EurekaHttpClientDecorator.java:74)\n\tat com.netflix.discovery.shared.transport.decorator.RedirectingEurekaHttpClient.executeOnNewServer(RedirectingEurekaHttpClient.java:121)\n\tat com.netflix.discovery.shared.transport.decorator.RedirectingEurekaHttpClient.execute(RedirectingEurekaHttpClient.java:80)\n\tat com.netflix.discovery.shared.transport.decorator.EurekaHttpClientDecorator.cancel(EurekaHttpClientDecorator.java:71)\n\tat com.netflix.discovery.shared.transport.decorator.EurekaHttpClientDecorator$2.execute(EurekaHttpClientDecorator.java:74)\n\tat com.netflix.discovery.shared.transport.decorator.RetryableEurekaHttpClient.execute(RetryableEurekaHttpClient.java:120)\n\tat com.netflix.discovery.shared.transport.decorator.EurekaHttpClientDecorator.cancel(EurekaHttpClientDecorator.java:71)\n\tat com.netflix.discovery.shared.transport.decorator.EurekaHttpClientDecorator$2.execute(EurekaHttpClientDecorator.java:74)\n\tat com.netflix.discovery.shared.transport.decorator.SessionedEurekaHttpClient.execute(SessionedEurekaHttpClient.java:76)\n\tat com.netflix.discovery.shared.transport.decorator.EurekaHttpClientDecorator.cancel(EurekaHttpClientDecorator.java:71)\n\tat com.netflix.discovery.DiscoveryClient.unregister(DiscoveryClient.java:919)\n\tat com.netflix.discovery.DiscoveryClient.shutdown(DiscoveryClient.java:900)\n\tat java.base/jdk.internal.reflect.NativeMethodAccessorImpl.invoke0(Native Method)\n\tat java.base/jdk.internal.reflect.NativeMethodAccessorImpl.invoke(NativeMethodAccessorImpl.java:77)\n\tat java.base/jdk.internal.reflect.DelegatingMethodAccessorImpl.invoke(DelegatingMethodAccessorImpl.java:43)\n\tat java.base/java.lang.reflect.Method.invoke(Method.java:568)\n\tat org.springframework.beans.factory.annotation.InitDestroyAnnotationBeanPostProcessor$LifecycleMethod.invoke(InitDestroyAnnotationBeanPostProcessor.java:457)\n\tat org.springframework.beans.factory.annotation.InitDestroyAnnotationBeanPostProcessor$LifecycleMetadata.invokeDestroyMethods(InitDestroyAnnotationBeanPostProcessor.java:415)\n\tat org.springframework.beans.factory.annotation.InitDestroyAnnotationBeanPostProcessor.postProcessBeforeDestruction(InitDestroyAnnotationBeanPostProcessor.java:239)\n\tat org.springframework.beans.factory.support.DisposableBeanAdapter.destroy(DisposableBeanAdapter.java:202)\n\tat org.springframework.beans.factory.support.DisposableBeanAdapter.run(DisposableBeanAdapter.java:195)\n\tat org.springframework.cloud.context.scope.GenericScope$BeanLifecycleWrapper.destroy(GenericScope.java:389)\n\tat org.springframework.cloud.context.scope.GenericScope.destroy(GenericScope.java:136)\n\tat org.springframework.beans.factory.support.DisposableBeanAdapter.destroy(DisposableBeanAdapter.java:211)\n\tat org.springframework.beans.factory.support.DefaultSingletonBeanRegistry.destroyBean(DefaultSingletonBeanRegistry.java:587)\n\tat org.springframework.beans.factory.support.DefaultSingletonBeanRegistry.destroySingleton(DefaultSingletonBeanRegistry.java:559)\n\tat org.springframework.beans.factory.support.DefaultListableBeanFactory.destroySingleton(DefaultListableBeanFactory.java:1202)\n\tat org.springframework.beans.factory.support.DefaultSingletonBeanRegistry.destroySingletons(DefaultSingletonBeanRegistry.java:520)\n\tat org.springframework.beans.factory.support.DefaultListableBeanFactory.destroySingletons(DefaultListableBeanFactory.java:1195)\n\tat org.springframework.context.support.AbstractApplicationContext.destroyBeans(AbstractApplicationContext.java:1195)\n\tat org.springframework.context.support.AbstractApplicationContext.doClose(AbstractApplicationContext.java:1156)\n\tat org.springframework.boot.web.servlet.context.ServletWebServerApplicationContext.doClose(ServletWebServerApplicationContext.java:174)\n\tat org.springframework.context.support.AbstractApplicationContext.close(AbstractApplicationContext.java:1102)\n\tat org.springframework.boot.SpringApplicationShutdownHook.closeAndWait(SpringApplicationShutdownHook.java:145)\n\tat java.base/java.lang.Iterable.forEach(Iterable.java:75)\n\tat org.springframework.boot.SpringApplicationShutdownHook.run(SpringApplicationShutdownHook.java:114)\n\tat java.base/java.lang.Thread.run(Thread.java:840)\nCaused by: org.apache.hc.client5.http.HttpHostConnectException: Connect to http://localhost:8761 [localhost/127.0.0.1, localhost/0:0:0:0:0:0:0:1] failed: Connection refused\n\tat java.base/sun.nio.ch.Net.pollConnect(Native Method)\n\tat java.base/sun.nio.ch.Net.pollConnectNow(Net.java:672)\n\tat java.base/sun.nio.ch.NioSocketImpl.timedFinishConnect(NioSocketImpl.java:554)\n\tat java.base/sun.nio.ch.NioSocketImpl.connect(NioSocketImpl.java:602)\n\tat java.base/java.net.SocksSocketImpl.connect(SocksSocketImpl.java:327)\n\tat java.base/java.net.Socket.connect(Socket.java:633)\n\tat org.apache.hc.client5.http.socket.PlainConnectionSocketFactory.lambda$connectSocket$0(PlainConnectionSocketFactory.java:91)\n\tat java.base/java.security.AccessController.doPrivileged(AccessController.java:569)\n\tat org.apache.hc.client5.http.socket.PlainConnectionSocketFactory.connectSocket(PlainConnectionSocketFactory.java:90)\n\tat org.apache.hc.client5.http.socket.ConnectionSocketFactory.connectSocket(ConnectionSocketFactory.java:123)\n\tat org.apache.hc.client5.http.impl.io.DefaultHttpClientConnectionOperator.connect(DefaultHttpClientConnectionOperator.java:189)\n\tat org.apache.hc.client5.http.impl.io.PoolingHttpClientConnectionManager.connect(PoolingHttpClientConnectionManager.java:450)\n\tat org.apache.hc.client5.http.impl.classic.InternalExecRuntime.connectEndpoint(InternalExecRuntime.java:162)\n\tat org.apache.hc.client5.http.impl.classic.InternalExecRuntime.connectEndpoint(InternalExecRuntime.java:172)\n\tat org.apache.hc.client5.http.impl.classic.ConnectExec.execute(ConnectExec.java:142)\n\tat org.apache.hc.client5.http.impl.classic.ExecChainElement.execute(ExecChainElement.java:51)\n\tat org.apache.hc.client5.http.impl.classic.ProtocolExec.execute(ProtocolExec.java:192)\n\tat org.apache.hc.client5.http.impl.classic.ExecChainElement.execute(ExecChainElement.java:51)\n\tat org.apache.hc.client5.http.impl.classic.HttpRequestRetryExec.execute(HttpRequestRetryExec.java:113)\n\tat org.apache.hc.client5.http.impl.classic.ExecChainElement.execute(ExecChainElement.java:51)\n\tat org.apache.hc.client5.http.impl.classic.ContentCompressionExec.execute(ContentCompressionExec.java:152)\n\tat org.apache.hc.client5.http.impl.classic.ExecChainElement.execute(ExecChainElement.java:51)\n\tat org.apache.hc.client5.http.impl.classic.RedirectExec.execute(RedirectExec.java:116)\n\tat org.apache.hc.client5.http.impl.classic.ExecChainElement.execute(ExecChainElement.java:51)\n\tat org.apache.hc.client5.http.impl.classic.InternalHttpClient.doExecute(InternalHttpClient.java:170)\n\tat org.apache.hc.client5.http.impl.classic.CloseableHttpClient.execute(CloseableHttpClient.java:87)\n\tat org.apache.hc.client5.http.impl.classic.CloseableHttpClient.execute(CloseableHttpClient.java:55)\n\tat org.apache.hc.client5.http.classic.HttpClient.executeOpen(HttpClient.java:183)\n\tat org.springframework.http.client.HttpComponentsClientHttpRequest.executeInternal(HttpComponentsClientHttpRequest.java:99)\n\tat org.springframework.http.client.AbstractStreamingClientHttpRequest.executeInternal(AbstractStreamingClientHttpRequest.java:70)\n\tat org.springframework.http.client.AbstractClientHttpRequest.execute(AbstractClientHttpRequest.java:66)\n\tat org.springframework.http.client.InterceptingClientHttpRequest$InterceptingRequestExecution.execute(InterceptingClientHttpRequest.java:112)\n\tat org.springframework.cloud.netflix.eureka.http.RestTemplateTransportClientFactory.lambda$restTemplate$3(RestTemplateTransportClientFactory.java:170)\n\tat org.springframework.http.client.InterceptingClientHttpRequest$InterceptingRequestExecution.execute(InterceptingClientHttpRequest.java:88)\n\tat org.springframework.http.client.InterceptingClientHttpRequest.executeInternal(InterceptingClientHttpRequest.java:72)\n\tat org.springframework.http.client.AbstractBufferingClientHttpRequest.executeInternal(AbstractBufferingClientHttpRequest.java:48)\n\tat org.springframework.http.client.AbstractClientHttpRequest.execute(AbstractClientHttpRequest.java:66)\n\tat org.springframework.web.client.RestTemplate.doExecute(RestTemplate.java:889)\n\t... 40 more\n","logger":"com.netflix.discovery.shared.transport.decorator.RedirectingEurekaHttpClient","thread":"SpringApplicationShutdownHook","level":"INFO","level_value":20000}
{"timestamp":"2024-07-28T11:19:15.541466+07:00","version":"1","msg":"Request execution failed with message: I/O error on DELETE request for \"http://localhost:8761/eureka/apps/COURSE-SERVICE/192.168.1.105:course-service:8886\": Connect to http://localhost:8761 [localhost/127.0.0.1, localhost/0:0:0:0:0:0:0:1] failed: Connection refused","logger":"com.netflix.discovery.shared.transport.decorator.RetryableEurekaHttpClient","thread":"SpringApplicationShutdownHook","level":"WARN","level_value":30000}
{"timestamp":"2024-07-28T11:19:15.541852+07:00","version":"1","msg":"DiscoveryClient_COURSE-SERVICE/192.168.1.105:course-service:8886 - de-registration failedCannot execute request on any known server","logger":"com.netflix.discovery.DiscoveryClient","thread":"SpringApplicationShutdownHook","level":"ERROR","level_value":40000,"stack_trace":"com.netflix.discovery.shared.transport.TransportException: Cannot execute request on any known server\n\tat com.netflix.discovery.shared.transport.decorator.RetryableEurekaHttpClient.execute(RetryableEurekaHttpClient.java:112)\n\tat com.netflix.discovery.shared.transport.decorator.EurekaHttpClientDecorator.cancel(EurekaHttpClientDecorator.java:71)\n\tat com.netflix.discovery.shared.transport.decorator.EurekaHttpClientDecorator$2.execute(EurekaHttpClientDecorator.java:74)\n\tat com.netflix.discovery.shared.transport.decorator.SessionedEurekaHttpClient.execute(SessionedEurekaHttpClient.java:76)\n\tat com.netflix.discovery.shared.transport.decorator.EurekaHttpClientDecorator.cancel(EurekaHttpClientDecorator.java:71)\n\tat com.netflix.discovery.DiscoveryClient.unregister(DiscoveryClient.java:919)\n\tat com.netflix.discovery.DiscoveryClient.shutdown(DiscoveryClient.java:900)\n\tat java.base/jdk.internal.reflect.NativeMethodAccessorImpl.invoke0(Native Method)\n\tat java.base/jdk.internal.reflect.NativeMethodAccessorImpl.invoke(NativeMethodAccessorImpl.java:77)\n\tat java.base/jdk.internal.reflect.DelegatingMethodAccessorImpl.invoke(DelegatingMethodAccessorImpl.java:43)\n\tat java.base/java.lang.reflect.Method.invoke(Method.java:568)\n\tat org.springframework.beans.factory.annotation.InitDestroyAnnotationBeanPostProcessor$LifecycleMethod.invoke(InitDestroyAnnotationBeanPostProcessor.java:457)\n\tat org.springframework.beans.factory.annotation.InitDestroyAnnotationBeanPostProcessor$LifecycleMetadata.invokeDestroyMethods(InitDestroyAnnotationBeanPostProcessor.java:415)\n\tat org.springframework.beans.factory.annotation.InitDestroyAnnotationBeanPostProcessor.postProcessBeforeDestruction(InitDestroyAnnotationBeanPostProcessor.java:239)\n\tat org.springframework.beans.factory.support.DisposableBeanAdapter.destroy(DisposableBeanAdapter.java:202)\n\tat org.springframework.beans.factory.support.DisposableBeanAdapter.run(DisposableBeanAdapter.java:195)\n\tat org.springframework.cloud.context.scope.GenericScope$BeanLifecycleWrapper.destroy(GenericScope.java:389)\n\tat org.springframework.cloud.context.scope.GenericScope.destroy(GenericScope.java:136)\n\tat org.springframework.beans.factory.support.DisposableBeanAdapter.destroy(DisposableBeanAdapter.java:211)\n\tat org.springframework.beans.factory.support.DefaultSingletonBeanRegistry.destroyBean(DefaultSingletonBeanRegistry.java:587)\n\tat org.springframework.beans.factory.support.DefaultSingletonBeanRegistry.destroySingleton(DefaultSingletonBeanRegistry.java:559)\n\tat org.springframework.beans.factory.support.DefaultListableBeanFactory.destroySingleton(DefaultListableBeanFactory.java:1202)\n\tat org.springframework.beans.factory.support.DefaultSingletonBeanRegistry.destroySingletons(DefaultSingletonBeanRegistry.java:520)\n\tat org.springframework.beans.factory.support.DefaultListableBeanFactory.destroySingletons(DefaultListableBeanFactory.java:1195)\n\tat org.springframework.context.support.AbstractApplicationContext.destroyBeans(AbstractApplicationContext.java:1195)\n\tat org.springframework.context.support.AbstractApplicationContext.doClose(AbstractApplicationContext.java:1156)\n\tat org.springframework.boot.web.servlet.context.ServletWebServerApplicationContext.doClose(ServletWebServerApplicationContext.java:174)\n\tat org.springframework.context.support.AbstractApplicationContext.close(AbstractApplicationContext.java:1102)\n\tat org.springframework.boot.SpringApplicationShutdownHook.closeAndWait(SpringApplicationShutdownHook.java:145)\n\tat java.base/java.lang.Iterable.forEach(Iterable.java:75)\n\tat org.springframework.boot.SpringApplicationShutdownHook.run(SpringApplicationShutdownHook.java:114)\n\tat java.base/java.lang.Thread.run(Thread.java:840)\n"}
{"timestamp":"2024-07-28T11:19:15.545828+07:00","version":"1","msg":"Completed shut down of DiscoveryClient","logger":"com.netflix.discovery.DiscoveryClient","thread":"SpringApplicationShutdownHook","level":"INFO","level_value":20000}
